
------------------
-时间:02:28:03-
-错误信息:错误的SQL语句: [insert into sensor (sensor_no,pressure_ul,pressure_ll,temp_ul,temp_ll,remark)
                    values ('11','1','1','1','1','1')]-
-错误内容:Duplicate entry '11' for key 'sensor_no'-
-错误号:1062-
-错误脚本:/YangziBUS2/ajaction/v1/?menuid=111011&cmd=add-
-错误页面地址:http://localhost:8080/YangziBUS2/module_11/sys.sensor_show.php-
------------------

------------------
-时间:07:03:12-
-错误信息:错误的SQL语句: [select * from tire_info where sensor_id
    		in (SELECT sensor_id FROM sensor where v_term_id in (SELECT v_term_id FROM vehicle_term where store_id='6'))]-
-错误内容:Unknown column 'v_term_id' in 'IN/ALL/ANY subquery'-
-错误号:1054-
-错误脚本:/YangziBUS2/ajaction/v1/?menuid=0&cmd=get_index_data&store_id=6-
-错误页面地址:http://localhost:8080/YangziBUS2/main.php-
------------------

------------------
-时间:07:03:12-
-错误信息:错误的SQL语句: [select * from sensor ]-
-错误内容:-
-错误号:-
-错误脚本:/YangziBUS2/ajaction/v1/?menuid=0&cmd=get_index_data&store_id=6-
-错误页面地址:http://localhost:8080/YangziBUS2/main.php-
------------------

------------------
-时间:07:03:12-
-错误信息:错误的SQL语句: [select * from tire_info where plate_no!=''  and plate_no
    		in (SELECT plate_no FROM bus_info where v_term_id in (SELECT v_term_id FROM vehicle_term where store_id='6'))]-
-错误内容:-
-错误号:-
-错误脚本:/YangziBUS2/ajaction/v1/?menuid=0&cmd=get_index_data&store_id=6-
-错误页面地址:http://localhost:8080/YangziBUS2/main.php-
------------------

------------------
-时间:07:03:12-
-错误信息:错误的SQL语句: [select * from tire_info where plate_no='' and mile_count=0  and plate_no
    		in (SELECT plate_no FROM bus_info where v_term_id in (SELECT v_term_id FROM vehicle_term where store_id='6'))]-
-错误内容:-
-错误号:-
-错误脚本:/YangziBUS2/ajaction/v1/?menuid=0&cmd=get_index_data&store_id=6-
-错误页面地址:http://localhost:8080/YangziBUS2/main.php-
------------------

------------------
-时间:07:03:12-
-错误信息:错误的SQL语句: [select * from tire_info where plate_no='' and bus_mile_count!=0  and plate_no
    		in (SELECT plate_no FROM bus_info where v_term_id in (SELECT v_term_id FROM vehicle_term where store_id='6'))]-
-错误内容:-
-错误号:-
-错误脚本:/YangziBUS2/ajaction/v1/?menuid=0&cmd=get_index_data&store_id=6-
-错误页面地址:http://localhost:8080/YangziBUS2/main.php-
------------------

------------------
-时间:07:03:12-
-错误信息:错误的SQL语句: [select * from bus_info where plate_no
    		in (SELECT plate_no FROM bus_info where v_term_id in (SELECT v_term_id FROM vehicle_term where store_id='6'))]-
-错误内容:-
-错误号:-
-错误脚本:/YangziBUS2/ajaction/v1/?menuid=0&cmd=get_index_data&store_id=6-
-错误页面地址:http://localhost:8080/YangziBUS2/main.php-
------------------

------------------
-时间:07:03:12-
-错误信息:错误的SQL语句: [select * from bt_real_log where bus_id
    		in (SELECT bus_id FROM bus_info where v_term_id in (SELECT v_term_id FROM vehicle_term where store_id='6'))]-
-错误内容:-
-错误号:-
-错误脚本:/YangziBUS2/ajaction/v1/?menuid=0&cmd=get_index_data&store_id=6-
-错误页面地址:http://localhost:8080/YangziBUS2/main.php-
------------------

------------------
-时间:07:03:12-
-错误信息:错误的SQL语句: [select * from bus_alarm_log where bus_id
    		in (SELECT bus_id FROM bus_info where v_term_id in (SELECT v_term_id FROM vehicle_term where store_id='6'))]-
-错误内容:-
-错误号:-
-错误脚本:/YangziBUS2/ajaction/v1/?menuid=0&cmd=get_index_data&store_id=6-
-错误页面地址:http://localhost:8080/YangziBUS2/main.php-
------------------

------------------
-时间:07:03:12-
-错误信息:错误的SQL语句: [select * from bus_alarm_log where pressure>pressure_ul   and bus_id
    		in (SELECT bus_id FROM bus_info where v_term_id in (SELECT v_term_id FROM vehicle_term where store_id='6'))]-
-错误内容:-
-错误号:-
-错误脚本:/YangziBUS2/ajaction/v1/?menuid=0&cmd=get_index_data&store_id=6-
-错误页面地址:http://localhost:8080/YangziBUS2/main.php-
------------------

------------------
-时间:07:03:12-
-错误信息:错误的SQL语句: [select * from bus_alarm_log where pressure<pressure_ll and bus_id
    		in (SELECT bus_id FROM bus_info where v_term_id in (SELECT v_term_id FROM vehicle_term where store_id='6'))]-
-错误内容:-
-错误号:-
-错误脚本:/YangziBUS2/ajaction/v1/?menuid=0&cmd=get_index_data&store_id=6-
-错误页面地址:http://localhost:8080/YangziBUS2/main.php-
------------------

------------------
-时间:07:03:12-
-错误信息:错误的SQL语句: [select * from bus_alarm_log where temp>temp_ul  and bus_id
    		in (SELECT bus_id FROM bus_info where v_term_id in (SELECT v_term_id FROM vehicle_term where store_id='6'))]-
-错误内容:-
-错误号:-
-错误脚本:/YangziBUS2/ajaction/v1/?menuid=0&cmd=get_index_data&store_id=6-
-错误页面地址:http://localhost:8080/YangziBUS2/main.php-
------------------

------------------
-时间:07:08:15-
-错误信息:错误的SQL语句: [select * from tire_info where sensor_id
    		in (SELECT sensor_id FROM sensor where v_term_id in (SELECT v_term_id FROM vehicle_term where store_id='6'))]-
-错误内容:Unknown column 'v_term_id' in 'IN/ALL/ANY subquery'-
-错误号:1054-
-错误脚本:/YangziBUS2/ajaction/v1/?menuid=0&cmd=get_index_data&store_id=6-
-错误页面地址:http://localhost:8080/YangziBUS2/main.php-
------------------

------------------
-时间:07:08:15-
-错误信息:错误的SQL语句: [select * from sensor ]-
-错误内容:-
-错误号:-
-错误脚本:/YangziBUS2/ajaction/v1/?menuid=0&cmd=get_index_data&store_id=6-
-错误页面地址:http://localhost:8080/YangziBUS2/main.php-
------------------

------------------
-时间:07:08:15-
-错误信息:错误的SQL语句: [select * from tire_info where plate_no!=''  and plate_no
    		in (SELECT plate_no FROM bus_info where v_term_id in (SELECT v_term_id FROM vehicle_term where store_id='6'))]-
-错误内容:-
-错误号:-
-错误脚本:/YangziBUS2/ajaction/v1/?menuid=0&cmd=get_index_data&store_id=6-
-错误页面地址:http://localhost:8080/YangziBUS2/main.php-
------------------

------------------
-时间:07:08:15-
-错误信息:错误的SQL语句: [select * from tire_info where plate_no='' and mile_count=0  and plate_no
    		in (SELECT plate_no FROM bus_info where v_term_id in (SELECT v_term_id FROM vehicle_term where store_id='6'))]-
-错误内容:-
-错误号:-
-错误脚本:/YangziBUS2/ajaction/v1/?menuid=0&cmd=get_index_data&store_id=6-
-错误页面地址:http://localhost:8080/YangziBUS2/main.php-
------------------

------------------
-时间:07:08:15-
-错误信息:错误的SQL语句: [select * from tire_info where plate_no='' and bus_mile_count!=0  and plate_no
    		in (SELECT plate_no FROM bus_info where v_term_id in (SELECT v_term_id FROM vehicle_term where store_id='6'))]-
-错误内容:-
-错误号:-
-错误脚本:/YangziBUS2/ajaction/v1/?menuid=0&cmd=get_index_data&store_id=6-
-错误页面地址:http://localhost:8080/YangziBUS2/main.php-
------------------

------------------
-时间:07:08:15-
-错误信息:错误的SQL语句: [select * from bus_info where plate_no
    		in (SELECT plate_no FROM bus_info where v_term_id in (SELECT v_term_id FROM vehicle_term where store_id='6'))]-
-错误内容:-
-错误号:-
-错误脚本:/YangziBUS2/ajaction/v1/?menuid=0&cmd=get_index_data&store_id=6-
-错误页面地址:http://localhost:8080/YangziBUS2/main.php-
------------------

------------------
-时间:07:08:15-
-错误信息:错误的SQL语句: [select * from bt_real_log where bus_id
    		in (SELECT bus_id FROM bus_info where v_term_id in (SELECT v_term_id FROM vehicle_term where store_id='6'))]-
-错误内容:-
-错误号:-
-错误脚本:/YangziBUS2/ajaction/v1/?menuid=0&cmd=get_index_data&store_id=6-
-错误页面地址:http://localhost:8080/YangziBUS2/main.php-
------------------

------------------
-时间:07:08:15-
-错误信息:错误的SQL语句: [select * from bus_alarm_log where bus_id
    		in (SELECT bus_id FROM bus_info where v_term_id in (SELECT v_term_id FROM vehicle_term where store_id='6'))]-
-错误内容:-
-错误号:-
-错误脚本:/YangziBUS2/ajaction/v1/?menuid=0&cmd=get_index_data&store_id=6-
-错误页面地址:http://localhost:8080/YangziBUS2/main.php-
------------------

------------------
-时间:07:08:15-
-错误信息:错误的SQL语句: [select * from bus_alarm_log where pressure>pressure_ul   and bus_id
    		in (SELECT bus_id FROM bus_info where v_term_id in (SELECT v_term_id FROM vehicle_term where store_id='6'))]-
-错误内容:-
-错误号:-
-错误脚本:/YangziBUS2/ajaction/v1/?menuid=0&cmd=get_index_data&store_id=6-
-错误页面地址:http://localhost:8080/YangziBUS2/main.php-
------------------

------------------
-时间:07:08:15-
-错误信息:错误的SQL语句: [select * from bus_alarm_log where pressure<pressure_ll and bus_id
    		in (SELECT bus_id FROM bus_info where v_term_id in (SELECT v_term_id FROM vehicle_term where store_id='6'))]-
-错误内容:-
-错误号:-
-错误脚本:/YangziBUS2/ajaction/v1/?menuid=0&cmd=get_index_data&store_id=6-
-错误页面地址:http://localhost:8080/YangziBUS2/main.php-
------------------

------------------
-时间:07:08:15-
-错误信息:错误的SQL语句: [select * from bus_alarm_log where temp>temp_ul  and bus_id
    		in (SELECT bus_id FROM bus_info where v_term_id in (SELECT v_term_id FROM vehicle_term where store_id='6'))]-
-错误内容:-
-错误号:-
-错误脚本:/YangziBUS2/ajaction/v1/?menuid=0&cmd=get_index_data&store_id=6-
-错误页面地址:http://localhost:8080/YangziBUS2/main.php-
------------------

------------------
-时间:07:08:18-
-错误信息:错误的SQL语句: [select * from tire_info where sensor_id
    		in (SELECT sensor_id FROM sensor where v_term_id in (SELECT v_term_id FROM vehicle_term where store_id='2'))]-
-错误内容:Unknown column 'v_term_id' in 'IN/ALL/ANY subquery'-
-错误号:1054-
-错误脚本:/YangziBUS2/ajaction/v1/?menuid=0&cmd=get_index_data&store_id=2-
-错误页面地址:http://localhost:8080/YangziBUS2/main.php-
------------------

------------------
-时间:07:08:18-
-错误信息:错误的SQL语句: [select * from sensor ]-
-错误内容:-
-错误号:-
-错误脚本:/YangziBUS2/ajaction/v1/?menuid=0&cmd=get_index_data&store_id=2-
-错误页面地址:http://localhost:8080/YangziBUS2/main.php-
------------------

------------------
-时间:07:08:18-
-错误信息:错误的SQL语句: [select * from tire_info where plate_no!=''  and plate_no
    		in (SELECT plate_no FROM bus_info where v_term_id in (SELECT v_term_id FROM vehicle_term where store_id='2'))]-
-错误内容:-
-错误号:-
-错误脚本:/YangziBUS2/ajaction/v1/?menuid=0&cmd=get_index_data&store_id=2-
-错误页面地址:http://localhost:8080/YangziBUS2/main.php-
------------------

------------------
-时间:07:08:18-
-错误信息:错误的SQL语句: [select * from tire_info where plate_no='' and mile_count=0  and plate_no
    		in (SELECT plate_no FROM bus_info where v_term_id in (SELECT v_term_id FROM vehicle_term where store_id='2'))]-
-错误内容:-
-错误号:-
-错误脚本:/YangziBUS2/ajaction/v1/?menuid=0&cmd=get_index_data&store_id=2-
-错误页面地址:http://localhost:8080/YangziBUS2/main.php-
------------------

------------------
-时间:07:08:18-
-错误信息:错误的SQL语句: [select * from tire_info where plate_no='' and bus_mile_count!=0  and plate_no
    		in (SELECT plate_no FROM bus_info where v_term_id in (SELECT v_term_id FROM vehicle_term where store_id='2'))]-
-错误内容:-
-错误号:-
-错误脚本:/YangziBUS2/ajaction/v1/?menuid=0&cmd=get_index_data&store_id=2-
-错误页面地址:http://localhost:8080/YangziBUS2/main.php-
------------------

------------------
-时间:07:08:18-
-错误信息:错误的SQL语句: [select * from bus_info where plate_no
    		in (SELECT plate_no FROM bus_info where v_term_id in (SELECT v_term_id FROM vehicle_term where store_id='2'))]-
-错误内容:-
-错误号:-
-错误脚本:/YangziBUS2/ajaction/v1/?menuid=0&cmd=get_index_data&store_id=2-
-错误页面地址:http://localhost:8080/YangziBUS2/main.php-
------------------

------------------
-时间:07:08:18-
-错误信息:错误的SQL语句: [select * from bt_real_log where bus_id
    		in (SELECT bus_id FROM bus_info where v_term_id in (SELECT v_term_id FROM vehicle_term where store_id='2'))]-
-错误内容:-
-错误号:-
-错误脚本:/YangziBUS2/ajaction/v1/?menuid=0&cmd=get_index_data&store_id=2-
-错误页面地址:http://localhost:8080/YangziBUS2/main.php-
------------------

------------------
-时间:07:08:18-
-错误信息:错误的SQL语句: [select * from bus_alarm_log where bus_id
    		in (SELECT bus_id FROM bus_info where v_term_id in (SELECT v_term_id FROM vehicle_term where store_id='2'))]-
-错误内容:-
-错误号:-
-错误脚本:/YangziBUS2/ajaction/v1/?menuid=0&cmd=get_index_data&store_id=2-
-错误页面地址:http://localhost:8080/YangziBUS2/main.php-
------------------

------------------
-时间:07:08:18-
-错误信息:错误的SQL语句: [select * from bus_alarm_log where pressure>pressure_ul   and bus_id
    		in (SELECT bus_id FROM bus_info where v_term_id in (SELECT v_term_id FROM vehicle_term where store_id='2'))]-
-错误内容:-
-错误号:-
-错误脚本:/YangziBUS2/ajaction/v1/?menuid=0&cmd=get_index_data&store_id=2-
-错误页面地址:http://localhost:8080/YangziBUS2/main.php-
------------------

------------------
-时间:07:08:18-
-错误信息:错误的SQL语句: [select * from bus_alarm_log where pressure<pressure_ll and bus_id
    		in (SELECT bus_id FROM bus_info where v_term_id in (SELECT v_term_id FROM vehicle_term where store_id='2'))]-
-错误内容:-
-错误号:-
-错误脚本:/YangziBUS2/ajaction/v1/?menuid=0&cmd=get_index_data&store_id=2-
-错误页面地址:http://localhost:8080/YangziBUS2/main.php-
------------------

------------------
-时间:07:08:18-
-错误信息:错误的SQL语句: [select * from bus_alarm_log where temp>temp_ul  and bus_id
    		in (SELECT bus_id FROM bus_info where v_term_id in (SELECT v_term_id FROM vehicle_term where store_id='2'))]-
-错误内容:-
-错误号:-
-错误脚本:/YangziBUS2/ajaction/v1/?menuid=0&cmd=get_index_data&store_id=2-
-错误页面地址:http://localhost:8080/YangziBUS2/main.php-
------------------
