
------------------
-时间:09:25:29-
-错误信息:错误的SQL语句: [insert into sys_log (log_type,log_stamp,admin_id,title,content) values ('传感器管理',now(),,'新增','添加了新传感器a66501')]-
-错误内容:You have an error in your SQL syntax; check the manual that corresponds to your MySQL server version for the right syntax to use near ''新增','添加了新传感器a66501')' at line 1-
-错误号:1064-
-错误脚本:/YangziBus2/ajaction/v1/?menuid=111011&cmd=add-
-错误页面地址:http://localhost/YangziBus2/module_11/sys.sensor_show.php-
------------------

------------------
-时间:09:25:29-
-错误信息:错误的SQL语句: [insert into sensor (sensor_no,pressure_ul,pressure_ll,temp_ul,temp_ll,remark)
                    values ('a66502','12.50','6.50','125','-40','s')]-
-错误内容:-
-错误号:-
-错误脚本:/YangziBus2/ajaction/v1/?menuid=111011&cmd=add-
-错误页面地址:http://localhost/YangziBus2/module_11/sys.sensor_show.php-
------------------

------------------
-时间:09:25:29-
-错误信息:错误的SQL语句: [insert into sensor (sensor_no,pressure_ul,pressure_ll,temp_ul,temp_ll,remark)
                    values ('a66503','12.50','6.50','125','-40','s')]-
-错误内容:-
-错误号:-
-错误脚本:/YangziBus2/ajaction/v1/?menuid=111011&cmd=add-
-错误页面地址:http://localhost/YangziBus2/module_11/sys.sensor_show.php-
------------------

------------------
-时间:09:25:29-
-错误信息:错误的SQL语句: [insert into sensor (sensor_no,pressure_ul,pressure_ll,temp_ul,temp_ll,remark)
                    values ('a66504','12.50','6.50','125','-40','s')]-
-错误内容:-
-错误号:-
-错误脚本:/YangziBus2/ajaction/v1/?menuid=111011&cmd=add-
-错误页面地址:http://localhost/YangziBus2/module_11/sys.sensor_show.php-
------------------

------------------
-时间:09:25:29-
-错误信息:错误的SQL语句: [insert into sensor (sensor_no,pressure_ul,pressure_ll,temp_ul,temp_ll,remark)
                    values ('a66505','12.50','6.50','125','-40','s')]-
-错误内容:-
-错误号:-
-错误脚本:/YangziBus2/ajaction/v1/?menuid=111011&cmd=add-
-错误页面地址:http://localhost/YangziBus2/module_11/sys.sensor_show.php-
------------------

------------------
-时间:09:25:29-
-错误信息:错误的SQL语句: [insert into sensor (sensor_no,pressure_ul,pressure_ll,temp_ul,temp_ll,remark)
                    values ('a66506','12.50','6.50','125','-40','s')]-
-错误内容:-
-错误号:-
-错误脚本:/YangziBus2/ajaction/v1/?menuid=111011&cmd=add-
-错误页面地址:http://localhost/YangziBus2/module_11/sys.sensor_show.php-
------------------

------------------
-时间:09:25:29-
-错误信息:错误的SQL语句: [insert into sensor (sensor_no,pressure_ul,pressure_ll,temp_ul,temp_ll,remark)
                    values ('a66501','12.50','6.50','125','-40','s')]-
-错误内容:Duplicate entry 'a66501' for key 'sensor_no'-
-错误号:1062-
-错误脚本:/YangziBus2/ajaction/v1/?menuid=111011&cmd=add-
-错误页面地址:http://localhost/YangziBus2/module_11/sys.sensor_show.php-
------------------

------------------
-时间:09:25:29-
-错误信息:错误的SQL语句: [insert into sensor (sensor_no,pressure_ul,pressure_ll,temp_ul,temp_ll,remark)
                    values ('a66502','12.50','6.50','125','-40','s')]-
-错误内容:-
-错误号:-
-错误脚本:/YangziBus2/ajaction/v1/?menuid=111011&cmd=add-
-错误页面地址:http://localhost/YangziBus2/module_11/sys.sensor_show.php-
------------------

------------------
-时间:09:25:29-
-错误信息:错误的SQL语句: [insert into sensor (sensor_no,pressure_ul,pressure_ll,temp_ul,temp_ll,remark)
                    values ('a66503','12.50','6.50','125','-40','s')]-
-错误内容:-
-错误号:-
-错误脚本:/YangziBus2/ajaction/v1/?menuid=111011&cmd=add-
-错误页面地址:http://localhost/YangziBus2/module_11/sys.sensor_show.php-
------------------

------------------
-时间:09:25:29-
-错误信息:错误的SQL语句: [insert into sensor (sensor_no,pressure_ul,pressure_ll,temp_ul,temp_ll,remark)
                    values ('a66504','12.50','6.50','125','-40','s')]-
-错误内容:-
-错误号:-
-错误脚本:/YangziBus2/ajaction/v1/?menuid=111011&cmd=add-
-错误页面地址:http://localhost/YangziBus2/module_11/sys.sensor_show.php-
------------------

------------------
-时间:09:25:29-
-错误信息:错误的SQL语句: [insert into sensor (sensor_no,pressure_ul,pressure_ll,temp_ul,temp_ll,remark)
                    values ('a66505','12.50','6.50','125','-40','s')]-
-错误内容:-
-错误号:-
-错误脚本:/YangziBus2/ajaction/v1/?menuid=111011&cmd=add-
-错误页面地址:http://localhost/YangziBus2/module_11/sys.sensor_show.php-
------------------

------------------
-时间:09:25:29-
-错误信息:错误的SQL语句: [insert into sensor (sensor_no,pressure_ul,pressure_ll,temp_ul,temp_ll,remark)
                    values ('a66506','12.50','6.50','125','-40','s')]-
-错误内容:-
-错误号:-
-错误脚本:/YangziBus2/ajaction/v1/?menuid=111011&cmd=add-
-错误页面地址:http://localhost/YangziBus2/module_11/sys.sensor_show.php-
------------------

------------------
-时间:09:25:30-
-错误信息:错误的SQL语句: [insert into sensor (sensor_no,pressure_ul,pressure_ll,temp_ul,temp_ll,remark)
                    values ('a66501','12.50','6.50','125','-40','s')]-
-错误内容:Duplicate entry 'a66501' for key 'sensor_no'-
-错误号:1062-
-错误脚本:/YangziBus2/ajaction/v1/?menuid=111011&cmd=add-
-错误页面地址:http://localhost/YangziBus2/module_11/sys.sensor_show.php-
------------------

------------------
-时间:09:25:30-
-错误信息:错误的SQL语句: [insert into sensor (sensor_no,pressure_ul,pressure_ll,temp_ul,temp_ll,remark)
                    values ('a66502','12.50','6.50','125','-40','s')]-
-错误内容:-
-错误号:-
-错误脚本:/YangziBus2/ajaction/v1/?menuid=111011&cmd=add-
-错误页面地址:http://localhost/YangziBus2/module_11/sys.sensor_show.php-
------------------

------------------
-时间:09:25:30-
-错误信息:错误的SQL语句: [insert into sensor (sensor_no,pressure_ul,pressure_ll,temp_ul,temp_ll,remark)
                    values ('a66503','12.50','6.50','125','-40','s')]-
-错误内容:-
-错误号:-
-错误脚本:/YangziBus2/ajaction/v1/?menuid=111011&cmd=add-
-错误页面地址:http://localhost/YangziBus2/module_11/sys.sensor_show.php-
------------------

------------------
-时间:09:25:30-
-错误信息:错误的SQL语句: [insert into sensor (sensor_no,pressure_ul,pressure_ll,temp_ul,temp_ll,remark)
                    values ('a66504','12.50','6.50','125','-40','s')]-
-错误内容:-
-错误号:-
-错误脚本:/YangziBus2/ajaction/v1/?menuid=111011&cmd=add-
-错误页面地址:http://localhost/YangziBus2/module_11/sys.sensor_show.php-
------------------

------------------
-时间:09:25:30-
-错误信息:错误的SQL语句: [insert into sensor (sensor_no,pressure_ul,pressure_ll,temp_ul,temp_ll,remark)
                    values ('a66505','12.50','6.50','125','-40','s')]-
-错误内容:-
-错误号:-
-错误脚本:/YangziBus2/ajaction/v1/?menuid=111011&cmd=add-
-错误页面地址:http://localhost/YangziBus2/module_11/sys.sensor_show.php-
------------------

------------------
-时间:09:25:30-
-错误信息:错误的SQL语句: [insert into sensor (sensor_no,pressure_ul,pressure_ll,temp_ul,temp_ll,remark)
                    values ('a66506','12.50','6.50','125','-40','s')]-
-错误内容:-
-错误号:-
-错误脚本:/YangziBus2/ajaction/v1/?menuid=111011&cmd=add-
-错误页面地址:http://localhost/YangziBus2/module_11/sys.sensor_show.php-
------------------

------------------
-时间:01:28:39-
-错误信息:错误的SQL语句: [select a.*,b.norms_name,c.class_name,d.figure_name,e.brand_name from tire_param_info as a 
                left join brand as b on a.norms_id=b.norms_id 
                left join brand as c on a.class_id=c.class_id
                left join brand as d on a.figure_id=d.figure_id
                left join brand as e on a.brand_id=e.brand_id]-
-错误内容:Unknown column 'b.norms_id' in 'on clause'-
-错误号:1054-
-错误脚本:/YangziBus2/ajaction/v1/?menuid=0&cmd=get_all_tireparam-
-错误页面地址:http://localhost/YangziBus2/module_12/vehicle.php-
------------------

------------------
-时间:01:29:22-
-错误信息:错误的SQL语句: [select a.*,b.norms_name,c.class_name,d.figure_name,e.brand_name from tire_param_info as a 
                left join brand as b on a.norms_id=b.norms_id 
                left join brand as c on a.class_id=c.class_id
                left join brand as d on a.figure_id=d.figure_id
                left join brand as e on a.brand_id=e.brand_id]-
-错误内容:Unknown column 'b.norms_id' in 'on clause'-
-错误号:1054-
-错误脚本:/YangziBus2/ajaction/v1/?menuid=0&cmd=get_all_tireparam-
-错误页面地址:http://localhost/YangziBus2/module_12/vehicle.php-
------------------

------------------
-时间:01:43:49-
-错误信息:错误的SQL语句: [select a.*,b.norms_name,c.class_name,d.figure_name,e.brand_name from tire_param_info as a 
                left join brand as b on a.norms_id=b.norms_id 
                left join brand as c on a.class_id=c.class_id
                left join brand as d on a.figure_id=d.figure_id
                left join brand as e on a.brand_id=e.brand_id]-
-错误内容:Unknown column 'b.norms_id' in 'on clause'-
-错误号:1054-
-错误脚本:/YangziBus2/ajaction/v1/?menuid=0&cmd=get_all_tireparam-
-错误页面地址:http://localhost/YangziBus2/module_12/vehicle.php-
------------------

------------------
-时间:01:51:53-
-错误信息:错误的SQL语句: [select a.*,b.norms_name,c.class_name,d.figure_name,e.brand_name from tire_param_info as a 
                left join brand as b on a.norms_id=b.norms_id 
                left join brand as c on a.class_id=c.class_id
                left join brand as d on a.figure_id=d.figure_id
                left join brand as e on a.brand_id=e.brand_id]-
-错误内容:Unknown column 'b.norms_id' in 'on clause'-
-错误号:1054-
-错误脚本:/YangziBus2/ajaction/v1/?menuid=0&cmd=get_all_tireparam-
-错误页面地址:http://localhost/YangziBus2/module_12/vehicle.php-
------------------

------------------
-时间:01:52:37-
-错误信息:错误的SQL语句: [select a.*,b.norms_name,c.class_name,d.figure_name,e.brand_name from tire_param_info as a 
                left join brand as b on a.norms_id=b.norms_id 
                left join brand as c on a.class_id=c.class_id
                left join brand as d on a.figure_id=d.figure_id
                left join brand as e on a.brand_id=e.brand_id]-
-错误内容:Unknown column 'b.norms_id' in 'on clause'-
-错误号:1054-
-错误脚本:/YangziBus2/ajaction/v1/?menuid=0&cmd=get_all_tireparam-
-错误页面地址:http://localhost/YangziBus2/module_12/vehicle.php-
------------------

------------------
-时间:01:52:58-
-错误信息:错误的SQL语句: [select a.*,b.norms_name,c.class_name,d.figure_name,e.brand_name from tire_param_info as a 
                left join brand as b on a.norms_id=b.norms_id 
                left join brand as c on a.class_id=c.class_id
                left join brand as d on a.figure_id=d.figure_id
                left join brand as e on a.brand_id=e.brand_id]-
-错误内容:Unknown column 'b.norms_id' in 'on clause'-
-错误号:1054-
-错误脚本:/YangziBus2/ajaction/v1/?menuid=0&cmd=get_all_tireparam-
-错误页面地址:-
------------------

------------------
-时间:04:25:33-
-错误信息:错误的SQL语句: [insert into sys_log (log_type,log_stamp,admin_id,title,content) values ('轮胎替换管理',now(),,'安装','苏A8901在右后外侧号位安装了轮胎')]-
-错误内容:You have an error in your SQL syntax; check the manual that corresponds to your MySQL server version for the right syntax to use near ''安装','苏A8901在右后外侧号位安装了轮胎')' at line 1-
-错误号:1064-
-错误脚本:/YangziBus2/ajaction/v1/?menuid=121011&cmd=addtire&plate_no=%E8%8B%8FA8901&tire_id_val=2&place_no_val=%E5%8F%B3%E5%90%8E%E5%A4%96%E4%BE%A7-
-错误页面地址:http://localhost/YangziBus2/module_12/vehicle.php-
------------------

------------------
-时间:04:25:33-
-错误信息:错误的SQL语句: [insert into tire_exchg_log (tire_id,bus_id,v_term_id,place,
                    install_stamp,uninstall_stamp,mile_count,stamp_count,action,log_stamp) value
                    ('2','2','1','右后外侧',
                    NOW(),'0000-00-00 00:00:00','0',0,'装上',NOW())]-
-错误内容:-
-错误号:-
-错误脚本:/YangziBus2/ajaction/v1/?menuid=121011&cmd=addtire&plate_no=%E8%8B%8FA8901&tire_id_val=2&place_no_val=%E5%8F%B3%E5%90%8E%E5%A4%96%E4%BE%A7-
-错误页面地址:http://localhost/YangziBus2/module_12/vehicle.php-
------------------

------------------
-时间:04:25:33-
-错误信息:错误的SQL语句: [update tire_info set exchg_id='' where tire_id='2']-
-错误内容:-
-错误号:-
-错误脚本:/YangziBus2/ajaction/v1/?menuid=121011&cmd=addtire&plate_no=%E8%8B%8FA8901&tire_id_val=2&place_no_val=%E5%8F%B3%E5%90%8E%E5%A4%96%E4%BE%A7-
-错误页面地址:http://localhost/YangziBus2/module_12/vehicle.php-
------------------

------------------
-时间:05:01:46-
-错误信息:错误的SQL语句: [insert into sys_log (log_type,log_stamp,admin_id,title,content) values ('车辆管理',now(),,'新增','添加了新车辆苏b4455')]-
-错误内容:You have an error in your SQL syntax; check the manual that corresponds to your MySQL server version for the right syntax to use near ''新增','添加了新车辆苏b4455')' at line 1-
-错误号:1064-
-错误脚本:/YangziBus2/ajaction/v1/?menuid=121010&cmd=add-
-错误页面地址:http://localhost/YangziBus2/module_12/vehicle.php-
------------------

------------------
-时间:05:02:27-
-错误信息:错误的SQL语句: [insert into sys_log (log_type,log_stamp,admin_id,title,content) values ('轮胎管理',now(),,'新增','添加了新轮胎d56114544')]-
-错误内容:You have an error in your SQL syntax; check the manual that corresponds to your MySQL server version for the right syntax to use near ''新增','添加了新轮胎d56114544')' at line 1-
-错误号:1064-
-错误脚本:/YangziBus2/ajaction/v1/?menuid=111110&cmd=add-
-错误页面地址:http://localhost/YangziBus2/module_11/sys.tireinfo_show.php-
------------------

------------------
-时间:05:02:52-
-错误信息:错误的SQL语句: [insert into sys_log (log_type,log_stamp,admin_id,title,content) values ('轮胎替换管理',now(),,'安装','苏b4455在右后外侧号位安装了轮胎')]-
-错误内容:You have an error in your SQL syntax; check the manual that corresponds to your MySQL server version for the right syntax to use near ''安装','苏b4455在右后外侧号位安装了轮胎')' at line 1-
-错误号:1064-
-错误脚本:/YangziBus2/ajaction/v1/?menuid=121011&cmd=addtire&plate_no=%E8%8B%8Fb4455&tire_id_val=3&place_no_val=%E5%8F%B3%E5%90%8E%E5%A4%96%E4%BE%A7-
-错误页面地址:http://localhost/YangziBus2/module_12/vehicle.php-
------------------

------------------
-时间:05:02:52-
-错误信息:错误的SQL语句: [insert into tire_exchg_log (tire_id,bus_id,v_term_id,place,
                    install_stamp,uninstall_stamp,mile_count,stamp_count,action,log_stamp) value
                    ('3','3','2','右后外侧',
                    NOW(),'0000-00-00 00:00:00','0',0,'装上',NOW())]-
-错误内容:-
-错误号:-
-错误脚本:/YangziBus2/ajaction/v1/?menuid=121011&cmd=addtire&plate_no=%E8%8B%8Fb4455&tire_id_val=3&place_no_val=%E5%8F%B3%E5%90%8E%E5%A4%96%E4%BE%A7-
-错误页面地址:http://localhost/YangziBus2/module_12/vehicle.php-
------------------

------------------
-时间:05:02:52-
-错误信息:错误的SQL语句: [update tire_info set exchg_id='' where tire_id='3']-
-错误内容:-
-错误号:-
-错误脚本:/YangziBus2/ajaction/v1/?menuid=121011&cmd=addtire&plate_no=%E8%8B%8Fb4455&tire_id_val=3&place_no_val=%E5%8F%B3%E5%90%8E%E5%A4%96%E4%BE%A7-
-错误页面地址:http://localhost/YangziBus2/module_12/vehicle.php-
------------------
