
------------------
-时间:10:41:31-
-错误信息:错误的SQL语句: [select distinct a.*,a.overflow_pressure1+a.overflow_pressure2+a.overflow_pressure3+a.overflow_pressure4+a.overflow_pressure5+a.overflow_pressure6  as pressureco ,a.overflow_temp1+a.overflow_temp2+a.overflow_temp3+a.overflow_temp4+a.overflow_temp5+a.overflow_temp6  as tempo,b.plate_no,b.speed_limit,b.mile_count,b.wheel_count from bt_real_log as a left join bus_info as b
                on a.bus_id=b.bus_id where b.plate_no!='' and b.plate_no is not null order by pressureco desc,tempo desc]-
-错误内容:Table 'ttms_yangzi.bt_real_log' doesn't exist-
-错误号:1146-
-错误脚本:/YangziBUS2/ajaction/v1/?menuid=131010&cmd=qry&t=1&store_id=-
-错误页面地址:http://localhost/YangziBUS2/module_13/sys.real_show.php?MenuNo=131010-
------------------

------------------
-时间:10:42:16-
-错误信息:错误的SQL语句: [select distinct a.*,a.overflow_pressure1+a.overflow_pressure2+a.overflow_pressure3+a.overflow_pressure4+a.overflow_pressure5+a.overflow_pressure6  as pressureco ,a.overflow_temp1+a.overflow_temp2+a.overflow_temp3+a.overflow_temp4+a.overflow_temp5+a.overflow_temp6  as tempo,b.plate_no,b.speed_limit,b.mile_count,b.wheel_count from bt_real_log as a left join bus_info as b
                on a.bus_id=b.bus_id where b.plate_no!='' and b.plate_no is not null order by pressureco desc,tempo desc]-
-错误内容:Table 'ttms_yangzi.bt_real_log' doesn't exist-
-错误号:1146-
-错误脚本:/YangziBUS2/ajaction/v1/?menuid=131010&cmd=qry&t=1&store_id=-
-错误页面地址:http://localhost/YangziBUS2/module_13/sys.real_show.php?MenuNo=131010-
------------------

------------------
-时间:10:43:01-
-错误信息:错误的SQL语句: [select distinct a.*,a.overflow_pressure1+a.overflow_pressure2+a.overflow_pressure3+a.overflow_pressure4+a.overflow_pressure5+a.overflow_pressure6  as pressureco ,a.overflow_temp1+a.overflow_temp2+a.overflow_temp3+a.overflow_temp4+a.overflow_temp5+a.overflow_temp6  as tempo,b.plate_no,b.speed_limit,b.mile_count,b.wheel_count from bt_real_log as a left join bus_info as b
                on a.bus_id=b.bus_id where b.plate_no!='' and b.plate_no is not null order by pressureco desc,tempo desc]-
-错误内容:Table 'ttms_yangzi.bt_real_log' doesn't exist-
-错误号:1146-
-错误脚本:/YangziBUS2/ajaction/v1/?menuid=131010&cmd=qry&t=1&store_id=-
-错误页面地址:http://localhost/YangziBUS2/module_13/sys.real_show.php?MenuNo=131010-
------------------

------------------
-时间:10:43:47-
-错误信息:错误的SQL语句: [select distinct a.*,a.overflow_pressure1+a.overflow_pressure2+a.overflow_pressure3+a.overflow_pressure4+a.overflow_pressure5+a.overflow_pressure6  as pressureco ,a.overflow_temp1+a.overflow_temp2+a.overflow_temp3+a.overflow_temp4+a.overflow_temp5+a.overflow_temp6  as tempo,b.plate_no,b.speed_limit,b.mile_count,b.wheel_count from bt_real_log as a left join bus_info as b
                on a.bus_id=b.bus_id where b.plate_no!='' and b.plate_no is not null order by pressureco desc,tempo desc]-
-错误内容:Table 'ttms_yangzi.bt_real_log' doesn't exist-
-错误号:1146-
-错误脚本:/YangziBUS2/ajaction/v1/?menuid=131010&cmd=qry&t=1&store_id=-
-错误页面地址:http://localhost/YangziBUS2/module_13/sys.real_show.php?MenuNo=131010-
------------------

------------------
-时间:10:44:32-
-错误信息:错误的SQL语句: [select distinct a.*,a.overflow_pressure1+a.overflow_pressure2+a.overflow_pressure3+a.overflow_pressure4+a.overflow_pressure5+a.overflow_pressure6  as pressureco ,a.overflow_temp1+a.overflow_temp2+a.overflow_temp3+a.overflow_temp4+a.overflow_temp5+a.overflow_temp6  as tempo,b.plate_no,b.speed_limit,b.mile_count,b.wheel_count from bt_real_log as a left join bus_info as b
                on a.bus_id=b.bus_id where b.plate_no!='' and b.plate_no is not null order by pressureco desc,tempo desc]-
-错误内容:Table 'ttms_yangzi.bt_real_log' doesn't exist-
-错误号:1146-
-错误脚本:/YangziBUS2/ajaction/v1/?menuid=131010&cmd=qry&t=1&store_id=-
-错误页面地址:http://localhost/YangziBUS2/module_13/sys.real_show.php?MenuNo=131010-
------------------

------------------
-时间:10:44:43-
-错误信息:错误的SQL语句: [select distinct a.*,a.overflow_pressure1+a.overflow_pressure2+a.overflow_pressure3+a.overflow_pressure4+a.overflow_pressure5+a.overflow_pressure6  as pressureco ,a.overflow_temp1+a.overflow_temp2+a.overflow_temp3+a.overflow_temp4+a.overflow_temp5+a.overflow_temp6  as tempo,b.plate_no,b.speed_limit,b.mile_count,b.wheel_count from bt_real_log as a left join bus_info as b
                on a.bus_id=b.bus_id where b.plate_no!='' and b.plate_no is not null order by pressureco desc,tempo desc]-
-错误内容:Table 'ttms_yangzi.bt_real_log' doesn't exist-
-错误号:1146-
-错误脚本:/YangziBUS2/ajaction/v1/?menuid=131010&cmd=qry&t=1&store_id=-
-错误页面地址:http://localhost/YangziBUS2/module_13/sys.real_show.php?MenuNo=131010-
------------------

------------------
-时间:10:45:28-
-错误信息:错误的SQL语句: [select distinct a.*,a.overflow_pressure1+a.overflow_pressure2+a.overflow_pressure3+a.overflow_pressure4+a.overflow_pressure5+a.overflow_pressure6  as pressureco ,a.overflow_temp1+a.overflow_temp2+a.overflow_temp3+a.overflow_temp4+a.overflow_temp5+a.overflow_temp6  as tempo,b.plate_no,b.speed_limit,b.mile_count,b.wheel_count from bt_real_log as a left join bus_info as b
                on a.bus_id=b.bus_id where b.plate_no!='' and b.plate_no is not null order by pressureco desc,tempo desc]-
-错误内容:Table 'ttms_yangzi.bt_real_log' doesn't exist-
-错误号:1146-
-错误脚本:/YangziBUS2/ajaction/v1/?menuid=131010&cmd=qry&t=1&store_id=-
-错误页面地址:http://localhost/YangziBUS2/module_13/sys.real_show.php?MenuNo=131010-
------------------

------------------
-时间:10:46:13-
-错误信息:错误的SQL语句: [select distinct a.*,a.overflow_pressure1+a.overflow_pressure2+a.overflow_pressure3+a.overflow_pressure4+a.overflow_pressure5+a.overflow_pressure6  as pressureco ,a.overflow_temp1+a.overflow_temp2+a.overflow_temp3+a.overflow_temp4+a.overflow_temp5+a.overflow_temp6  as tempo,b.plate_no,b.speed_limit,b.mile_count,b.wheel_count from bt_real_log as a left join bus_info as b
                on a.bus_id=b.bus_id where b.plate_no!='' and b.plate_no is not null order by pressureco desc,tempo desc]-
-错误内容:Table 'ttms_yangzi.bt_real_log' doesn't exist-
-错误号:1146-
-错误脚本:/YangziBUS2/ajaction/v1/?menuid=131010&cmd=qry&t=1&store_id=-
-错误页面地址:http://localhost/YangziBUS2/module_13/sys.real_show.php?MenuNo=131010-
------------------

------------------
-时间:10:46:58-
-错误信息:错误的SQL语句: [select distinct a.*,a.overflow_pressure1+a.overflow_pressure2+a.overflow_pressure3+a.overflow_pressure4+a.overflow_pressure5+a.overflow_pressure6  as pressureco ,a.overflow_temp1+a.overflow_temp2+a.overflow_temp3+a.overflow_temp4+a.overflow_temp5+a.overflow_temp6  as tempo,b.plate_no,b.speed_limit,b.mile_count,b.wheel_count from bt_real_log as a left join bus_info as b
                on a.bus_id=b.bus_id where b.plate_no!='' and b.plate_no is not null order by pressureco desc,tempo desc]-
-错误内容:Table 'ttms_yangzi.bt_real_log' doesn't exist-
-错误号:1146-
-错误脚本:/YangziBUS2/ajaction/v1/?menuid=131010&cmd=qry&t=1&store_id=-
-错误页面地址:http://localhost/YangziBUS2/module_13/sys.real_show.php?MenuNo=131010-
------------------

------------------
-时间:10:47:08-
-错误信息:错误的SQL语句: [select distinct a.*,a.overflow_pressure1+a.overflow_pressure2+a.overflow_pressure3+a.overflow_pressure4+a.overflow_pressure5+a.overflow_pressure6  as pressureco ,a.overflow_temp1+a.overflow_temp2+a.overflow_temp3+a.overflow_temp4+a.overflow_temp5+a.overflow_temp6  as tempo,b.plate_no,b.speed_limit,b.mile_count,b.wheel_count from bt_real_log as a left join bus_info as b
                on a.bus_id=b.bus_id where b.plate_no!='' and b.plate_no is not null order by pressureco desc,tempo desc]-
-错误内容:Table 'ttms_yangzi.bt_real_log' doesn't exist-
-错误号:1146-
-错误脚本:/YangziBUS2/ajaction/v1/?menuid=131010&cmd=qry&t=1&store_id=-
-错误页面地址:http://localhost/YangziBUS2/module_13/sys.real_show.php?MenuNo=131010-
------------------

------------------
-时间:10:47:53-
-错误信息:错误的SQL语句: [select distinct a.*,a.overflow_pressure1+a.overflow_pressure2+a.overflow_pressure3+a.overflow_pressure4+a.overflow_pressure5+a.overflow_pressure6  as pressureco ,a.overflow_temp1+a.overflow_temp2+a.overflow_temp3+a.overflow_temp4+a.overflow_temp5+a.overflow_temp6  as tempo,b.plate_no,b.speed_limit,b.mile_count,b.wheel_count from bt_real_log as a left join bus_info as b
                on a.bus_id=b.bus_id where b.plate_no!='' and b.plate_no is not null order by pressureco desc,tempo desc]-
-错误内容:Table 'ttms_yangzi.bt_real_log' doesn't exist-
-错误号:1146-
-错误脚本:/YangziBUS2/ajaction/v1/?menuid=131010&cmd=qry&t=1&store_id=-
-错误页面地址:http://localhost/YangziBUS2/module_13/sys.real_show.php?MenuNo=131010-
------------------

------------------
-时间:10:48:38-
-错误信息:错误的SQL语句: [select distinct a.*,a.overflow_pressure1+a.overflow_pressure2+a.overflow_pressure3+a.overflow_pressure4+a.overflow_pressure5+a.overflow_pressure6  as pressureco ,a.overflow_temp1+a.overflow_temp2+a.overflow_temp3+a.overflow_temp4+a.overflow_temp5+a.overflow_temp6  as tempo,b.plate_no,b.speed_limit,b.mile_count,b.wheel_count from bt_real_log as a left join bus_info as b
                on a.bus_id=b.bus_id where b.plate_no!='' and b.plate_no is not null order by pressureco desc,tempo desc]-
-错误内容:Table 'ttms_yangzi.bt_real_log' doesn't exist-
-错误号:1146-
-错误脚本:/YangziBUS2/ajaction/v1/?menuid=131010&cmd=qry&t=1&store_id=-
-错误页面地址:http://localhost/YangziBUS2/module_13/sys.real_show.php?MenuNo=131010-
------------------

------------------
-时间:10:49:23-
-错误信息:错误的SQL语句: [select distinct a.*,a.overflow_pressure1+a.overflow_pressure2+a.overflow_pressure3+a.overflow_pressure4+a.overflow_pressure5+a.overflow_pressure6  as pressureco ,a.overflow_temp1+a.overflow_temp2+a.overflow_temp3+a.overflow_temp4+a.overflow_temp5+a.overflow_temp6  as tempo,b.plate_no,b.speed_limit,b.mile_count,b.wheel_count from bt_real_log as a left join bus_info as b
                on a.bus_id=b.bus_id where b.plate_no!='' and b.plate_no is not null order by pressureco desc,tempo desc]-
-错误内容:Table 'ttms_yangzi.bt_real_log' doesn't exist-
-错误号:1146-
-错误脚本:/YangziBUS2/ajaction/v1/?menuid=131010&cmd=qry&t=1&store_id=-
-错误页面地址:http://localhost/YangziBUS2/module_13/sys.real_show.php?MenuNo=131010-
------------------

------------------
-时间:10:50:08-
-错误信息:错误的SQL语句: [select distinct a.*,a.overflow_pressure1+a.overflow_pressure2+a.overflow_pressure3+a.overflow_pressure4+a.overflow_pressure5+a.overflow_pressure6  as pressureco ,a.overflow_temp1+a.overflow_temp2+a.overflow_temp3+a.overflow_temp4+a.overflow_temp5+a.overflow_temp6  as tempo,b.plate_no,b.speed_limit,b.mile_count,b.wheel_count from bt_real_log as a left join bus_info as b
                on a.bus_id=b.bus_id where b.plate_no!='' and b.plate_no is not null order by pressureco desc,tempo desc]-
-错误内容:Table 'ttms_yangzi.bt_real_log' doesn't exist-
-错误号:1146-
-错误脚本:/YangziBUS2/ajaction/v1/?menuid=131010&cmd=qry&t=1&store_id=-
-错误页面地址:http://localhost/YangziBUS2/module_13/sys.real_show.php?MenuNo=131010-
------------------

------------------
-时间:10:50:53-
-错误信息:错误的SQL语句: [select distinct a.*,a.overflow_pressure1+a.overflow_pressure2+a.overflow_pressure3+a.overflow_pressure4+a.overflow_pressure5+a.overflow_pressure6  as pressureco ,a.overflow_temp1+a.overflow_temp2+a.overflow_temp3+a.overflow_temp4+a.overflow_temp5+a.overflow_temp6  as tempo,b.plate_no,b.speed_limit,b.mile_count,b.wheel_count from bt_real_log as a left join bus_info as b
                on a.bus_id=b.bus_id where b.plate_no!='' and b.plate_no is not null order by pressureco desc,tempo desc]-
-错误内容:Table 'ttms_yangzi.bt_real_log' doesn't exist-
-错误号:1146-
-错误脚本:/YangziBUS2/ajaction/v1/?menuid=131010&cmd=qry&t=1&store_id=-
-错误页面地址:http://localhost/YangziBUS2/module_13/sys.real_show.php?MenuNo=131010-
------------------

------------------
-时间:10:51:38-
-错误信息:错误的SQL语句: [select distinct a.*,a.overflow_pressure1+a.overflow_pressure2+a.overflow_pressure3+a.overflow_pressure4+a.overflow_pressure5+a.overflow_pressure6  as pressureco ,a.overflow_temp1+a.overflow_temp2+a.overflow_temp3+a.overflow_temp4+a.overflow_temp5+a.overflow_temp6  as tempo,b.plate_no,b.speed_limit,b.mile_count,b.wheel_count from bt_real_log as a left join bus_info as b
                on a.bus_id=b.bus_id where b.plate_no!='' and b.plate_no is not null order by pressureco desc,tempo desc]-
-错误内容:Table 'ttms_yangzi.bt_real_log' doesn't exist-
-错误号:1146-
-错误脚本:/YangziBUS2/ajaction/v1/?menuid=131010&cmd=qry&t=1&store_id=-
-错误页面地址:http://localhost/YangziBUS2/module_13/sys.real_show.php?MenuNo=131010-
------------------

------------------
-时间:10:52:23-
-错误信息:错误的SQL语句: [select distinct a.*,a.overflow_pressure1+a.overflow_pressure2+a.overflow_pressure3+a.overflow_pressure4+a.overflow_pressure5+a.overflow_pressure6  as pressureco ,a.overflow_temp1+a.overflow_temp2+a.overflow_temp3+a.overflow_temp4+a.overflow_temp5+a.overflow_temp6  as tempo,b.plate_no,b.speed_limit,b.mile_count,b.wheel_count from bt_real_log as a left join bus_info as b
                on a.bus_id=b.bus_id where b.plate_no!='' and b.plate_no is not null order by pressureco desc,tempo desc]-
-错误内容:Table 'ttms_yangzi.bt_real_log' doesn't exist-
-错误号:1146-
-错误脚本:/YangziBUS2/ajaction/v1/?menuid=131010&cmd=qry&t=1&store_id=-
-错误页面地址:http://localhost/YangziBUS2/module_13/sys.real_show.php?MenuNo=131010-
------------------

------------------
-时间:10:53:08-
-错误信息:错误的SQL语句: [select distinct a.*,a.overflow_pressure1+a.overflow_pressure2+a.overflow_pressure3+a.overflow_pressure4+a.overflow_pressure5+a.overflow_pressure6  as pressureco ,a.overflow_temp1+a.overflow_temp2+a.overflow_temp3+a.overflow_temp4+a.overflow_temp5+a.overflow_temp6  as tempo,b.plate_no,b.speed_limit,b.mile_count,b.wheel_count from bt_real_log as a left join bus_info as b
                on a.bus_id=b.bus_id where b.plate_no!='' and b.plate_no is not null order by pressureco desc,tempo desc]-
-错误内容:Table 'ttms_yangzi.bt_real_log' doesn't exist-
-错误号:1146-
-错误脚本:/YangziBUS2/ajaction/v1/?menuid=131010&cmd=qry&t=1&store_id=-
-错误页面地址:http://localhost/YangziBUS2/module_13/sys.real_show.php?MenuNo=131010-
------------------

------------------
-时间:10:53:54-
-错误信息:错误的SQL语句: [select distinct a.*,a.overflow_pressure1+a.overflow_pressure2+a.overflow_pressure3+a.overflow_pressure4+a.overflow_pressure5+a.overflow_pressure6  as pressureco ,a.overflow_temp1+a.overflow_temp2+a.overflow_temp3+a.overflow_temp4+a.overflow_temp5+a.overflow_temp6  as tempo,b.plate_no,b.speed_limit,b.mile_count,b.wheel_count from bt_real_log as a left join bus_info as b
                on a.bus_id=b.bus_id where b.plate_no!='' and b.plate_no is not null order by pressureco desc,tempo desc]-
-错误内容:Table 'ttms_yangzi.bt_real_log' doesn't exist-
-错误号:1146-
-错误脚本:/YangziBUS2/ajaction/v1/?menuid=131010&cmd=qry&t=1&store_id=-
-错误页面地址:http://localhost/YangziBUS2/module_13/sys.real_show.php?MenuNo=131010-
------------------

------------------
-时间:10:54:39-
-错误信息:错误的SQL语句: [select distinct a.*,a.overflow_pressure1+a.overflow_pressure2+a.overflow_pressure3+a.overflow_pressure4+a.overflow_pressure5+a.overflow_pressure6  as pressureco ,a.overflow_temp1+a.overflow_temp2+a.overflow_temp3+a.overflow_temp4+a.overflow_temp5+a.overflow_temp6  as tempo,b.plate_no,b.speed_limit,b.mile_count,b.wheel_count from bt_real_log as a left join bus_info as b
                on a.bus_id=b.bus_id where b.plate_no!='' and b.plate_no is not null order by pressureco desc,tempo desc]-
-错误内容:Table 'ttms_yangzi.bt_real_log' doesn't exist-
-错误号:1146-
-错误脚本:/YangziBUS2/ajaction/v1/?menuid=131010&cmd=qry&t=1&store_id=-
-错误页面地址:http://localhost/YangziBUS2/module_13/sys.real_show.php?MenuNo=131010-
------------------

------------------
-时间:10:55:24-
-错误信息:错误的SQL语句: [select distinct a.*,a.overflow_pressure1+a.overflow_pressure2+a.overflow_pressure3+a.overflow_pressure4+a.overflow_pressure5+a.overflow_pressure6  as pressureco ,a.overflow_temp1+a.overflow_temp2+a.overflow_temp3+a.overflow_temp4+a.overflow_temp5+a.overflow_temp6  as tempo,b.plate_no,b.speed_limit,b.mile_count,b.wheel_count from bt_real_log as a left join bus_info as b
                on a.bus_id=b.bus_id where b.plate_no!='' and b.plate_no is not null order by pressureco desc,tempo desc]-
-错误内容:Table 'ttms_yangzi.bt_real_log' doesn't exist-
-错误号:1146-
-错误脚本:/YangziBUS2/ajaction/v1/?menuid=131010&cmd=qry&t=1&store_id=-
-错误页面地址:http://localhost/YangziBUS2/module_13/sys.real_show.php?MenuNo=131010-
------------------

------------------
-时间:10:56:09-
-错误信息:错误的SQL语句: [select distinct a.*,a.overflow_pressure1+a.overflow_pressure2+a.overflow_pressure3+a.overflow_pressure4+a.overflow_pressure5+a.overflow_pressure6  as pressureco ,a.overflow_temp1+a.overflow_temp2+a.overflow_temp3+a.overflow_temp4+a.overflow_temp5+a.overflow_temp6  as tempo,b.plate_no,b.speed_limit,b.mile_count,b.wheel_count from bt_real_log as a left join bus_info as b
                on a.bus_id=b.bus_id where b.plate_no!='' and b.plate_no is not null order by pressureco desc,tempo desc]-
-错误内容:Table 'ttms_yangzi.bt_real_log' doesn't exist-
-错误号:1146-
-错误脚本:/YangziBUS2/ajaction/v1/?menuid=131010&cmd=qry&t=1&store_id=-
-错误页面地址:http://localhost/YangziBUS2/module_13/sys.real_show.php?MenuNo=131010-
------------------

------------------
-时间:10:56:54-
-错误信息:错误的SQL语句: [select distinct a.*,a.overflow_pressure1+a.overflow_pressure2+a.overflow_pressure3+a.overflow_pressure4+a.overflow_pressure5+a.overflow_pressure6  as pressureco ,a.overflow_temp1+a.overflow_temp2+a.overflow_temp3+a.overflow_temp4+a.overflow_temp5+a.overflow_temp6  as tempo,b.plate_no,b.speed_limit,b.mile_count,b.wheel_count from bt_real_log as a left join bus_info as b
                on a.bus_id=b.bus_id where b.plate_no!='' and b.plate_no is not null order by pressureco desc,tempo desc]-
-错误内容:Table 'ttms_yangzi.bt_real_log' doesn't exist-
-错误号:1146-
-错误脚本:/YangziBUS2/ajaction/v1/?menuid=131010&cmd=qry&t=1&store_id=-
-错误页面地址:http://localhost/YangziBUS2/module_13/sys.real_show.php?MenuNo=131010-
------------------

------------------
-时间:10:57:39-
-错误信息:错误的SQL语句: [select distinct a.*,a.overflow_pressure1+a.overflow_pressure2+a.overflow_pressure3+a.overflow_pressure4+a.overflow_pressure5+a.overflow_pressure6  as pressureco ,a.overflow_temp1+a.overflow_temp2+a.overflow_temp3+a.overflow_temp4+a.overflow_temp5+a.overflow_temp6  as tempo,b.plate_no,b.speed_limit,b.mile_count,b.wheel_count from bt_real_log as a left join bus_info as b
                on a.bus_id=b.bus_id where b.plate_no!='' and b.plate_no is not null order by pressureco desc,tempo desc]-
-错误内容:Table 'ttms_yangzi.bt_real_log' doesn't exist-
-错误号:1146-
-错误脚本:/YangziBUS2/ajaction/v1/?menuid=131010&cmd=qry&t=1&store_id=-
-错误页面地址:http://localhost/YangziBUS2/module_13/sys.real_show.php?MenuNo=131010-
------------------

------------------
-时间:10:58:24-
-错误信息:错误的SQL语句: [select distinct a.*,a.overflow_pressure1+a.overflow_pressure2+a.overflow_pressure3+a.overflow_pressure4+a.overflow_pressure5+a.overflow_pressure6  as pressureco ,a.overflow_temp1+a.overflow_temp2+a.overflow_temp3+a.overflow_temp4+a.overflow_temp5+a.overflow_temp6  as tempo,b.plate_no,b.speed_limit,b.mile_count,b.wheel_count from bt_real_log as a left join bus_info as b
                on a.bus_id=b.bus_id where b.plate_no!='' and b.plate_no is not null order by pressureco desc,tempo desc]-
-错误内容:Table 'ttms_yangzi.bt_real_log' doesn't exist-
-错误号:1146-
-错误脚本:/YangziBUS2/ajaction/v1/?menuid=131010&cmd=qry&t=1&store_id=-
-错误页面地址:http://localhost/YangziBUS2/module_13/sys.real_show.php?MenuNo=131010-
------------------

------------------
-时间:10:59:09-
-错误信息:错误的SQL语句: [select distinct a.*,a.overflow_pressure1+a.overflow_pressure2+a.overflow_pressure3+a.overflow_pressure4+a.overflow_pressure5+a.overflow_pressure6  as pressureco ,a.overflow_temp1+a.overflow_temp2+a.overflow_temp3+a.overflow_temp4+a.overflow_temp5+a.overflow_temp6  as tempo,b.plate_no,b.speed_limit,b.mile_count,b.wheel_count from bt_real_log as a left join bus_info as b
                on a.bus_id=b.bus_id where b.plate_no!='' and b.plate_no is not null order by pressureco desc,tempo desc]-
-错误内容:Table 'ttms_yangzi.bt_real_log' doesn't exist-
-错误号:1146-
-错误脚本:/YangziBUS2/ajaction/v1/?menuid=131010&cmd=qry&t=1&store_id=-
-错误页面地址:http://localhost/YangziBUS2/module_13/sys.real_show.php?MenuNo=131010-
------------------

------------------
-时间:10:59:54-
-错误信息:错误的SQL语句: [select distinct a.*,a.overflow_pressure1+a.overflow_pressure2+a.overflow_pressure3+a.overflow_pressure4+a.overflow_pressure5+a.overflow_pressure6  as pressureco ,a.overflow_temp1+a.overflow_temp2+a.overflow_temp3+a.overflow_temp4+a.overflow_temp5+a.overflow_temp6  as tempo,b.plate_no,b.speed_limit,b.mile_count,b.wheel_count from bt_real_log as a left join bus_info as b
                on a.bus_id=b.bus_id where b.plate_no!='' and b.plate_no is not null order by pressureco desc,tempo desc]-
-错误内容:Table 'ttms_yangzi.bt_real_log' doesn't exist-
-错误号:1146-
-错误脚本:/YangziBUS2/ajaction/v1/?menuid=131010&cmd=qry&t=1&store_id=-
-错误页面地址:http://localhost/YangziBUS2/module_13/sys.real_show.php?MenuNo=131010-
------------------
