
------------------
-时间:09:56:12-
-错误信息:错误的SQL语句: [select * from roles where role_id=超级管理员]-
-错误内容:Unknown column '超级管理员' in 'where clause'-
-错误号:1054-
-错误脚本:/YangziBUS2/ajaction/v1/?menuid=101010&cmd=qrybyone&role_id=%E8%B6%85%E7%BA%A7%E7%AE%A1%E7%90%86%E5%91%98-
-错误页面地址:http://localhost/YangziBUS2/module_sys/sys.roles_show.php-
------------------

------------------
-时间:09:56:16-
-错误信息:错误的SQL语句: [select * from roles where role_id=超级管理员]-
-错误内容:Unknown column '超级管理员' in 'where clause'-
-错误号:1054-
-错误脚本:/YangziBUS2/ajaction/v1/?menuid=101010&cmd=qrybyone&role_id=%E8%B6%85%E7%BA%A7%E7%AE%A1%E7%90%86%E5%91%98-
-错误页面地址:http://localhost/YangziBUS2/module_sys/sys.roles_show.php-
------------------

------------------
-时间:09:56:26-
-错误信息:错误的SQL语句: [select * from roles where role_id=超级管理员]-
-错误内容:Unknown column '超级管理员' in 'where clause'-
-错误号:1054-
-错误脚本:/YangziBUS2/ajaction/v1/?menuid=101010&cmd=qrybyone&role_id=%E8%B6%85%E7%BA%A7%E7%AE%A1%E7%90%86%E5%91%98-
-错误页面地址:http://localhost/YangziBUS2/module_sys/sys.roles_show.php-
------------------

------------------
-时间:09:56:41-
-错误信息:错误的SQL语句: [select * from roles where role_id=司机]-
-错误内容:Unknown column '司机' in 'where clause'-
-错误号:1054-
-错误脚本:/YangziBUS2/ajaction/v1/?menuid=101010&cmd=qrybyone&role_id=%E5%8F%B8%E6%9C%BA-
-错误页面地址:http://localhost/YangziBUS2/module_sys/sys.roles_show.php-
------------------

------------------
-时间:09:57:49-
-错误信息:错误的SQL语句: [select * from roles where role_id=超级管理员]-
-错误内容:Unknown column '超级管理员' in 'where clause'-
-错误号:1054-
-错误脚本:/YangziBUS2/ajaction/v1/?menuid=101010&cmd=qrybyone&role_id=%E8%B6%85%E7%BA%A7%E7%AE%A1%E7%90%86%E5%91%98-
-错误页面地址:http://localhost/YangziBUS2/module_sys/sys.roles_show.php-
------------------

------------------
-时间:09:57:49-
-错误信息:错误的SQL语句: [select * from roles where role_id=超级管理员]-
-错误内容:Unknown column '超级管理员' in 'where clause'-
-错误号:1054-
-错误脚本:/YangziBUS2/ajaction/v1/?menuid=101010&cmd=qrybyone&role_id=%E8%B6%85%E7%BA%A7%E7%AE%A1%E7%90%86%E5%91%98-
-错误页面地址:http://localhost/YangziBUS2/module_sys/sys.roles_show.php-
------------------

------------------
-时间:09:57:55-
-错误信息:错误的SQL语句: [select * from roles where role_id=司机]-
-错误内容:Unknown column '司机' in 'where clause'-
-错误号:1054-
-错误脚本:/YangziBUS2/ajaction/v1/?menuid=101010&cmd=qrybyone&role_id=%E5%8F%B8%E6%9C%BA-
-错误页面地址:http://localhost/YangziBUS2/module_sys/sys.roles_show.php-
------------------

------------------
-时间:09:58:35-
-错误信息:错误的SQL语句: [select * from roles where role_id=胎管员]-
-错误内容:Unknown column '胎管员' in 'where clause'-
-错误号:1054-
-错误脚本:/YangziBUS2/ajaction/v1/?menuid=101010&cmd=qrybyone&role_id=%E8%83%8E%E7%AE%A1%E5%91%98-
-错误页面地址:http://localhost/YangziBUS2/module_sys/sys.roles_show.php-
------------------

------------------
-时间:09:58:44-
-错误信息:错误的SQL语句: [select * from roles where role_id=司机]-
-错误内容:Unknown column '司机' in 'where clause'-
-错误号:1054-
-错误脚本:/YangziBUS2/ajaction/v1/?menuid=101010&cmd=qrybyone&role_id=%E5%8F%B8%E6%9C%BA-
-错误页面地址:http://localhost/YangziBUS2/module_sys/sys.roles_show.php-
------------------

------------------
-时间:09:59:06-
-错误信息:错误的SQL语句: [select * from roles where role_id=]-
-错误内容:You have an error in your SQL syntax; check the manual that corresponds to your MySQL server version for the right syntax to use near '' at line 1-
-错误号:1064-
-错误脚本:/YangziBUS2/ajaction/v1/?menuid=101010&cmd=qrybyone&role_id=-
-错误页面地址:http://localhost/YangziBUS2/module_sys/sys.roles_show.php-
------------------

------------------
-时间:10:02:14-
-错误信息:错误的SQL语句: [select * from roles where role_id=司机]-
-错误内容:Unknown column '司机' in 'where clause'-
-错误号:1054-
-错误脚本:/YangziBUS2/ajaction/v1/?menuid=101010&cmd=qrybyone&role_id=%E5%8F%B8%E6%9C%BA-
-错误页面地址:http://localhost/YangziBUS2/module_sys/sys.roles_show.php-
------------------

------------------
-时间:10:14:33-
-错误信息:错误的SQL语句: [select * from roles where role_id=超级管理员]-
-错误内容:Unknown column '超级管理员' in 'where clause'-
-错误号:1054-
-错误脚本:/YangziBUS2/ajaction/v1/?menuid=101010&cmd=qrybyone&role_id=%E8%B6%85%E7%BA%A7%E7%AE%A1%E7%90%86%E5%91%98-
-错误页面地址:http://localhost/YangziBUS2/module_sys/sys.roles_show.php-
------------------

------------------
-时间:02:58:32-
-错误信息:错误的SQL语句: [select a.*,b.plate_no,b.mile_count as b_mc,c.factory_code,c.fst_place_stamp,c.status from tire_exchg_log as a 
                left join bus_info as b on a.bus_id=b.bus_id
                left join tire_info as c on a.tire_id=c.tire_id where a.place!=0 where b.plate_no ='苏A6666']-
-错误内容:You have an error in your SQL syntax; check the manual that corresponds to your MySQL server version for the right syntax to use near 'where b.plate_no ='苏A6666'' at line 3-
-错误号:1064-
-错误脚本:/YangziBUS2/ajaction/v1/?menuid=131311&cmd=qry_figure-
-错误页面地址:http://localhost/YangziBUS2/module_13/tireProtect.php-
------------------

------------------
-时间:02:58:32-
-错误信息:错误的SQL语句: [select a.*,b.plate_no,b.mile_count as b_mc,c.factory_code,c.fst_place_stamp,c.status from tire_exchg_log as a 
                left join bus_info as b on a.bus_id=b.bus_id
                left join tire_info as c on a.tire_id=c.tire_id where a.place!=0 where b.plate_no ='苏A6666' limit 0,10]-
-错误内容:-
-错误号:-
-错误脚本:/YangziBUS2/ajaction/v1/?menuid=131311&cmd=qry_figure-
-错误页面地址:http://localhost/YangziBUS2/module_13/tireProtect.php-
------------------

------------------
-时间:02:58:34-
-错误信息:错误的SQL语句: [select a.*,b.plate_no,b.mile_count as b_mc,c.factory_code,c.fst_place_stamp,c.status from tire_exchg_log as a 
                left join bus_info as b on a.bus_id=b.bus_id
                left join tire_info as c on a.tire_id=c.tire_id where a.place!=0 where b.plate_no ='苏A6666']-
-错误内容:You have an error in your SQL syntax; check the manual that corresponds to your MySQL server version for the right syntax to use near 'where b.plate_no ='苏A6666'' at line 3-
-错误号:1064-
-错误脚本:/YangziBUS2/ajaction/v1/?menuid=131311&cmd=qry_figure-
-错误页面地址:http://localhost/YangziBUS2/module_13/tireProtect.php-
------------------

------------------
-时间:02:58:34-
-错误信息:错误的SQL语句: [select a.*,b.plate_no,b.mile_count as b_mc,c.factory_code,c.fst_place_stamp,c.status from tire_exchg_log as a 
                left join bus_info as b on a.bus_id=b.bus_id
                left join tire_info as c on a.tire_id=c.tire_id where a.place!=0 where b.plate_no ='苏A6666' limit 0,10]-
-错误内容:-
-错误号:-
-错误脚本:/YangziBUS2/ajaction/v1/?menuid=131311&cmd=qry_figure-
-错误页面地址:http://localhost/YangziBUS2/module_13/tireProtect.php-
------------------

------------------
-时间:02:58:35-
-错误信息:错误的SQL语句: [select a.*,b.plate_no,b.mile_count as b_mc,c.factory_code,c.fst_place_stamp,c.status from tire_exchg_log as a 
                left join bus_info as b on a.bus_id=b.bus_id
                left join tire_info as c on a.tire_id=c.tire_id where a.place!=0 where b.plate_no ='苏A6666']-
-错误内容:You have an error in your SQL syntax; check the manual that corresponds to your MySQL server version for the right syntax to use near 'where b.plate_no ='苏A6666'' at line 3-
-错误号:1064-
-错误脚本:/YangziBUS2/ajaction/v1/?menuid=131311&cmd=qry_figure-
-错误页面地址:http://localhost/YangziBUS2/module_13/tireProtect.php-
------------------

------------------
-时间:02:58:35-
-错误信息:错误的SQL语句: [select a.*,b.plate_no,b.mile_count as b_mc,c.factory_code,c.fst_place_stamp,c.status from tire_exchg_log as a 
                left join bus_info as b on a.bus_id=b.bus_id
                left join tire_info as c on a.tire_id=c.tire_id where a.place!=0 where b.plate_no ='苏A6666' limit 0,10]-
-错误内容:-
-错误号:-
-错误脚本:/YangziBUS2/ajaction/v1/?menuid=131311&cmd=qry_figure-
-错误页面地址:http://localhost/YangziBUS2/module_13/tireProtect.php-
------------------

------------------
-时间:02:58:35-
-错误信息:错误的SQL语句: [select a.*,b.plate_no,b.mile_count as b_mc,c.factory_code,c.fst_place_stamp,c.status from tire_exchg_log as a 
                left join bus_info as b on a.bus_id=b.bus_id
                left join tire_info as c on a.tire_id=c.tire_id where a.place!=0 where b.plate_no ='苏A6666']-
-错误内容:You have an error in your SQL syntax; check the manual that corresponds to your MySQL server version for the right syntax to use near 'where b.plate_no ='苏A6666'' at line 3-
-错误号:1064-
-错误脚本:/YangziBUS2/ajaction/v1/?menuid=131311&cmd=qry_figure-
-错误页面地址:http://localhost/YangziBUS2/module_13/tireProtect.php-
------------------

------------------
-时间:02:58:35-
-错误信息:错误的SQL语句: [select a.*,b.plate_no,b.mile_count as b_mc,c.factory_code,c.fst_place_stamp,c.status from tire_exchg_log as a 
                left join bus_info as b on a.bus_id=b.bus_id
                left join tire_info as c on a.tire_id=c.tire_id where a.place!=0 where b.plate_no ='苏A6666' limit 0,10]-
-错误内容:-
-错误号:-
-错误脚本:/YangziBUS2/ajaction/v1/?menuid=131311&cmd=qry_figure-
-错误页面地址:http://localhost/YangziBUS2/module_13/tireProtect.php-
------------------

------------------
-时间:02:58:35-
-错误信息:错误的SQL语句: [select a.*,b.plate_no,b.mile_count as b_mc,c.factory_code,c.fst_place_stamp,c.status from tire_exchg_log as a 
                left join bus_info as b on a.bus_id=b.bus_id
                left join tire_info as c on a.tire_id=c.tire_id where a.place!=0 where b.plate_no ='苏A6666']-
-错误内容:You have an error in your SQL syntax; check the manual that corresponds to your MySQL server version for the right syntax to use near 'where b.plate_no ='苏A6666'' at line 3-
-错误号:1064-
-错误脚本:/YangziBUS2/ajaction/v1/?menuid=131311&cmd=qry_figure-
-错误页面地址:http://localhost/YangziBUS2/module_13/tireProtect.php-
------------------

------------------
-时间:02:58:35-
-错误信息:错误的SQL语句: [select a.*,b.plate_no,b.mile_count as b_mc,c.factory_code,c.fst_place_stamp,c.status from tire_exchg_log as a 
                left join bus_info as b on a.bus_id=b.bus_id
                left join tire_info as c on a.tire_id=c.tire_id where a.place!=0 where b.plate_no ='苏A6666' limit 0,10]-
-错误内容:-
-错误号:-
-错误脚本:/YangziBUS2/ajaction/v1/?menuid=131311&cmd=qry_figure-
-错误页面地址:http://localhost/YangziBUS2/module_13/tireProtect.php-
------------------

------------------
-时间:02:59:34-
-错误信息:错误的SQL语句: [select a.*,b.plate_no,b.mile_count as b_mc,c.factory_code,c.fst_place_stamp,c.status from tire_exchg_log as a 
                left join bus_info as b on a.bus_id=b.bus_id
                left join tire_info as c on a.tire_id=c.tire_id where a.place!=0 where b.plate_no ='苏A8888']-
-错误内容:You have an error in your SQL syntax; check the manual that corresponds to your MySQL server version for the right syntax to use near 'where b.plate_no ='苏A8888'' at line 3-
-错误号:1064-
-错误脚本:/YangziBUS2/ajaction/v1/?menuid=131311&cmd=qry_figure-
-错误页面地址:http://localhost/YangziBUS2/module_13/tireProtect.php-
------------------

------------------
-时间:02:59:34-
-错误信息:错误的SQL语句: [select a.*,b.plate_no,b.mile_count as b_mc,c.factory_code,c.fst_place_stamp,c.status from tire_exchg_log as a 
                left join bus_info as b on a.bus_id=b.bus_id
                left join tire_info as c on a.tire_id=c.tire_id where a.place!=0 where b.plate_no ='苏A8888' limit 0,10]-
-错误内容:-
-错误号:-
-错误脚本:/YangziBUS2/ajaction/v1/?menuid=131311&cmd=qry_figure-
-错误页面地址:http://localhost/YangziBUS2/module_13/tireProtect.php-
------------------

------------------
-时间:03:00:25-
-错误信息:错误的SQL语句: [select a.*,b.plate_no,b.mile_count as b_mc,c.factory_code,c.fst_place_stamp,c.status from tire_exchg_log as a 
                left join bus_info as b on a.bus_id=b.bus_id
                left join tire_info as c on a.tire_id=c.tire_id where a.place!=0 where b.plate_no ='苏A8888']-
-错误内容:You have an error in your SQL syntax; check the manual that corresponds to your MySQL server version for the right syntax to use near 'where b.plate_no ='苏A8888'' at line 3-
-错误号:1064-
-错误脚本:/YangziBUS2/ajaction/v1/?menuid=131311&cmd=qry_figure-
-错误页面地址:http://localhost/YangziBUS2/module_13/tireProtect.php-
------------------

------------------
-时间:03:00:25-
-错误信息:错误的SQL语句: [select a.*,b.plate_no,b.mile_count as b_mc,c.factory_code,c.fst_place_stamp,c.status from tire_exchg_log as a 
                left join bus_info as b on a.bus_id=b.bus_id
                left join tire_info as c on a.tire_id=c.tire_id where a.place!=0 where b.plate_no ='苏A8888' limit 0,10]-
-错误内容:-
-错误号:-
-错误脚本:/YangziBUS2/ajaction/v1/?menuid=131311&cmd=qry_figure-
-错误页面地址:http://localhost/YangziBUS2/module_13/tireProtect.php-
------------------

------------------
-时间:03:00:42-
-错误信息:错误的SQL语句: [select a.*,b.plate_no,b.mile_count as b_mc,c.factory_code,c.fst_place_stamp,c.status from tire_exchg_log as a 
                left join bus_info as b on a.bus_id=b.bus_id
                left join tire_info as c on a.tire_id=c.tire_id where a.place!=0 where b.plate_no ='苏A6666']-
-错误内容:You have an error in your SQL syntax; check the manual that corresponds to your MySQL server version for the right syntax to use near 'where b.plate_no ='苏A6666'' at line 3-
-错误号:1064-
-错误脚本:/YangziBUS2/ajaction/v1/?menuid=131311&cmd=qry_figure-
-错误页面地址:http://localhost/YangziBUS2/module_13/tireProtect.php-
------------------

------------------
-时间:03:00:42-
-错误信息:错误的SQL语句: [select a.*,b.plate_no,b.mile_count as b_mc,c.factory_code,c.fst_place_stamp,c.status from tire_exchg_log as a 
                left join bus_info as b on a.bus_id=b.bus_id
                left join tire_info as c on a.tire_id=c.tire_id where a.place!=0 where b.plate_no ='苏A6666' limit 0,10]-
-错误内容:-
-错误号:-
-错误脚本:/YangziBUS2/ajaction/v1/?menuid=131311&cmd=qry_figure-
-错误页面地址:http://localhost/YangziBUS2/module_13/tireProtect.php-
------------------

------------------
-时间:06:39:47-
-错误信息:错误的SQL语句: [select a.*,b.plate_no,b.mile_count as b_mc,c.factory_code,c.fst_place_stamp,c.status from tire_exchg_log as a 
                left join bus_info as b on a.bus_id=b.bus_id
                left join tire_info as c on a.tire_id=c.tire_id where a.place!=0 and '2017-11-15' < b.install_stamp < '2017-11-16' ]-
-错误内容:Unknown column 'b.install_stamp' in 'where clause'-
-错误号:1054-
-错误脚本:/YangziBUS2/ajaction/v1/?menuid=131311&cmd=qry_figure-
-错误页面地址:http://localhost/YangziBUS2/module_13/tireProtect.php-
------------------

------------------
-时间:06:39:47-
-错误信息:错误的SQL语句: [select a.*,b.plate_no,b.mile_count as b_mc,c.factory_code,c.fst_place_stamp,c.status from tire_exchg_log as a 
                left join bus_info as b on a.bus_id=b.bus_id
                left join tire_info as c on a.tire_id=c.tire_id where a.place!=0 and '2017-11-15' < b.install_stamp < '2017-11-16'  limit 0,10]-
-错误内容:-
-错误号:-
-错误脚本:/YangziBUS2/ajaction/v1/?menuid=131311&cmd=qry_figure-
-错误页面地址:http://localhost/YangziBUS2/module_13/tireProtect.php-
------------------

------------------
-时间:06:40:01-
-错误信息:错误的SQL语句: [select a.*,b.plate_no,b.mile_count as b_mc,c.factory_code,c.fst_place_stamp,c.status from tire_exchg_log as a 
                left join bus_info as b on a.bus_id=b.bus_id
                left join tire_info as c on a.tire_id=c.tire_id where a.place!=0 and '2017-10-03' < b.install_stamp < '2017-11-16' ]-
-错误内容:Unknown column 'b.install_stamp' in 'where clause'-
-错误号:1054-
-错误脚本:/YangziBUS2/ajaction/v1/?menuid=131311&cmd=qry_figure-
-错误页面地址:http://localhost/YangziBUS2/module_13/tireProtect.php-
------------------

------------------
-时间:06:40:01-
-错误信息:错误的SQL语句: [select a.*,b.plate_no,b.mile_count as b_mc,c.factory_code,c.fst_place_stamp,c.status from tire_exchg_log as a 
                left join bus_info as b on a.bus_id=b.bus_id
                left join tire_info as c on a.tire_id=c.tire_id where a.place!=0 and '2017-10-03' < b.install_stamp < '2017-11-16'  limit 0,10]-
-错误内容:-
-错误号:-
-错误脚本:/YangziBUS2/ajaction/v1/?menuid=131311&cmd=qry_figure-
-错误页面地址:http://localhost/YangziBUS2/module_13/tireProtect.php-
------------------

------------------
-时间:06:40:02-
-错误信息:错误的SQL语句: [select a.*,b.plate_no,b.mile_count as b_mc,c.factory_code,c.fst_place_stamp,c.status from tire_exchg_log as a 
                left join bus_info as b on a.bus_id=b.bus_id
                left join tire_info as c on a.tire_id=c.tire_id where a.place!=0 and '2017-10-03' < b.install_stamp < '2017-11-16' ]-
-错误内容:Unknown column 'b.install_stamp' in 'where clause'-
-错误号:1054-
-错误脚本:/YangziBUS2/ajaction/v1/?menuid=131311&cmd=qry_figure-
-错误页面地址:http://localhost/YangziBUS2/module_13/tireProtect.php-
------------------

------------------
-时间:06:40:02-
-错误信息:错误的SQL语句: [select a.*,b.plate_no,b.mile_count as b_mc,c.factory_code,c.fst_place_stamp,c.status from tire_exchg_log as a 
                left join bus_info as b on a.bus_id=b.bus_id
                left join tire_info as c on a.tire_id=c.tire_id where a.place!=0 and '2017-10-03' < b.install_stamp < '2017-11-16'  limit 0,10]-
-错误内容:-
-错误号:-
-错误脚本:/YangziBUS2/ajaction/v1/?menuid=131311&cmd=qry_figure-
-错误页面地址:http://localhost/YangziBUS2/module_13/tireProtect.php-
------------------

------------------
-时间:06:40:02-
-错误信息:错误的SQL语句: [select a.*,b.plate_no,b.mile_count as b_mc,c.factory_code,c.fst_place_stamp,c.status from tire_exchg_log as a 
                left join bus_info as b on a.bus_id=b.bus_id
                left join tire_info as c on a.tire_id=c.tire_id where a.place!=0 and '2017-10-03' < b.install_stamp < '2017-11-16' ]-
-错误内容:Unknown column 'b.install_stamp' in 'where clause'-
-错误号:1054-
-错误脚本:/YangziBUS2/ajaction/v1/?menuid=131311&cmd=qry_figure-
-错误页面地址:http://localhost/YangziBUS2/module_13/tireProtect.php-
------------------

------------------
-时间:06:40:02-
-错误信息:错误的SQL语句: [select a.*,b.plate_no,b.mile_count as b_mc,c.factory_code,c.fst_place_stamp,c.status from tire_exchg_log as a 
                left join bus_info as b on a.bus_id=b.bus_id
                left join tire_info as c on a.tire_id=c.tire_id where a.place!=0 and '2017-10-03' < b.install_stamp < '2017-11-16'  limit 0,10]-
-错误内容:-
-错误号:-
-错误脚本:/YangziBUS2/ajaction/v1/?menuid=131311&cmd=qry_figure-
-错误页面地址:http://localhost/YangziBUS2/module_13/tireProtect.php-
------------------

------------------
-时间:06:40:02-
-错误信息:错误的SQL语句: [select a.*,b.plate_no,b.mile_count as b_mc,c.factory_code,c.fst_place_stamp,c.status from tire_exchg_log as a 
                left join bus_info as b on a.bus_id=b.bus_id
                left join tire_info as c on a.tire_id=c.tire_id where a.place!=0 and '2017-10-03' < b.install_stamp < '2017-11-16' ]-
-错误内容:Unknown column 'b.install_stamp' in 'where clause'-
-错误号:1054-
-错误脚本:/YangziBUS2/ajaction/v1/?menuid=131311&cmd=qry_figure-
-错误页面地址:http://localhost/YangziBUS2/module_13/tireProtect.php-
------------------

------------------
-时间:06:40:02-
-错误信息:错误的SQL语句: [select a.*,b.plate_no,b.mile_count as b_mc,c.factory_code,c.fst_place_stamp,c.status from tire_exchg_log as a 
                left join bus_info as b on a.bus_id=b.bus_id
                left join tire_info as c on a.tire_id=c.tire_id where a.place!=0 and '2017-10-03' < b.install_stamp < '2017-11-16'  limit 0,10]-
-错误内容:-
-错误号:-
-错误脚本:/YangziBUS2/ajaction/v1/?menuid=131311&cmd=qry_figure-
-错误页面地址:http://localhost/YangziBUS2/module_13/tireProtect.php-
------------------

------------------
-时间:06:40:03-
-错误信息:错误的SQL语句: [select a.*,b.plate_no,b.mile_count as b_mc,c.factory_code,c.fst_place_stamp,c.status from tire_exchg_log as a 
                left join bus_info as b on a.bus_id=b.bus_id
                left join tire_info as c on a.tire_id=c.tire_id where a.place!=0 and '2017-10-03' < b.install_stamp < '2017-11-16' ]-
-错误内容:Unknown column 'b.install_stamp' in 'where clause'-
-错误号:1054-
-错误脚本:/YangziBUS2/ajaction/v1/?menuid=131311&cmd=qry_figure-
-错误页面地址:http://localhost/YangziBUS2/module_13/tireProtect.php-
------------------

------------------
-时间:06:40:03-
-错误信息:错误的SQL语句: [select a.*,b.plate_no,b.mile_count as b_mc,c.factory_code,c.fst_place_stamp,c.status from tire_exchg_log as a 
                left join bus_info as b on a.bus_id=b.bus_id
                left join tire_info as c on a.tire_id=c.tire_id where a.place!=0 and '2017-10-03' < b.install_stamp < '2017-11-16'  limit 0,10]-
-错误内容:-
-错误号:-
-错误脚本:/YangziBUS2/ajaction/v1/?menuid=131311&cmd=qry_figure-
-错误页面地址:http://localhost/YangziBUS2/module_13/tireProtect.php-
------------------

------------------
-时间:06:40:22-
-错误信息:错误的SQL语句: [select a.*,b.plate_no,b.mile_count as b_mc,c.factory_code,c.fst_place_stamp,c.status from tire_exchg_log as a 
                left join bus_info as b on a.bus_id=b.bus_id
                left join tire_info as c on a.tire_id=c.tire_id where a.place!=0 and '2017-10-09' < b.install_stamp < '2017-11-15' ]-
-错误内容:Unknown column 'b.install_stamp' in 'where clause'-
-错误号:1054-
-错误脚本:/YangziBUS2/ajaction/v1/?menuid=131311&cmd=qry_figure-
-错误页面地址:http://localhost/YangziBUS2/module_13/tireProtect.php-
------------------

------------------
-时间:06:40:22-
-错误信息:错误的SQL语句: [select a.*,b.plate_no,b.mile_count as b_mc,c.factory_code,c.fst_place_stamp,c.status from tire_exchg_log as a 
                left join bus_info as b on a.bus_id=b.bus_id
                left join tire_info as c on a.tire_id=c.tire_id where a.place!=0 and '2017-10-09' < b.install_stamp < '2017-11-15'  limit 0,10]-
-错误内容:-
-错误号:-
-错误脚本:/YangziBUS2/ajaction/v1/?menuid=131311&cmd=qry_figure-
-错误页面地址:http://localhost/YangziBUS2/module_13/tireProtect.php-
------------------

------------------
-时间:06:40:48-
-错误信息:错误的SQL语句: [select a.*,b.plate_no,b.mile_count as b_mc,c.factory_code,c.fst_place_stamp,c.status from tire_exchg_log as a 
                left join bus_info as b on a.bus_id=b.bus_id
                left join tire_info as c on a.tire_id=c.tire_id where a.place!=0 and '2017-10-09' < b.install_stamp < '2017-11-15']-
-错误内容:Unknown column 'b.install_stamp' in 'where clause'-
-错误号:1054-
-错误脚本:/YangziBUS2/ajaction/v1/?menuid=131311&cmd=qry_figure-
-错误页面地址:http://localhost/YangziBUS2/module_13/tireProtect.php-
------------------

------------------
-时间:06:40:48-
-错误信息:错误的SQL语句: [select a.*,b.plate_no,b.mile_count as b_mc,c.factory_code,c.fst_place_stamp,c.status from tire_exchg_log as a 
                left join bus_info as b on a.bus_id=b.bus_id
                left join tire_info as c on a.tire_id=c.tire_id where a.place!=0 and '2017-10-09' < b.install_stamp < '2017-11-15' limit 0,10]-
-错误内容:-
-错误号:-
-错误脚本:/YangziBUS2/ajaction/v1/?menuid=131311&cmd=qry_figure-
-错误页面地址:http://localhost/YangziBUS2/module_13/tireProtect.php-
------------------

------------------
-时间:06:40:48-
-错误信息:错误的SQL语句: [select a.*,b.plate_no,b.mile_count as b_mc,c.factory_code,c.fst_place_stamp,c.status from tire_exchg_log as a 
                left join bus_info as b on a.bus_id=b.bus_id
                left join tire_info as c on a.tire_id=c.tire_id where a.place!=0 and '2017-10-09' < b.install_stamp < '2017-11-15']-
-错误内容:Unknown column 'b.install_stamp' in 'where clause'-
-错误号:1054-
-错误脚本:/YangziBUS2/ajaction/v1/?menuid=131311&cmd=qry_figure-
-错误页面地址:http://localhost/YangziBUS2/module_13/tireProtect.php-
------------------

------------------
-时间:06:40:48-
-错误信息:错误的SQL语句: [select a.*,b.plate_no,b.mile_count as b_mc,c.factory_code,c.fst_place_stamp,c.status from tire_exchg_log as a 
                left join bus_info as b on a.bus_id=b.bus_id
                left join tire_info as c on a.tire_id=c.tire_id where a.place!=0 and '2017-10-09' < b.install_stamp < '2017-11-15' limit 0,10]-
-错误内容:-
-错误号:-
-错误脚本:/YangziBUS2/ajaction/v1/?menuid=131311&cmd=qry_figure-
-错误页面地址:http://localhost/YangziBUS2/module_13/tireProtect.php-
------------------

------------------
-时间:06:40:49-
-错误信息:错误的SQL语句: [select a.*,b.plate_no,b.mile_count as b_mc,c.factory_code,c.fst_place_stamp,c.status from tire_exchg_log as a 
                left join bus_info as b on a.bus_id=b.bus_id
                left join tire_info as c on a.tire_id=c.tire_id where a.place!=0 and '2017-10-09' < b.install_stamp < '2017-11-15']-
-错误内容:Unknown column 'b.install_stamp' in 'where clause'-
-错误号:1054-
-错误脚本:/YangziBUS2/ajaction/v1/?menuid=131311&cmd=qry_figure-
-错误页面地址:http://localhost/YangziBUS2/module_13/tireProtect.php-
------------------

------------------
-时间:06:40:49-
-错误信息:错误的SQL语句: [select a.*,b.plate_no,b.mile_count as b_mc,c.factory_code,c.fst_place_stamp,c.status from tire_exchg_log as a 
                left join bus_info as b on a.bus_id=b.bus_id
                left join tire_info as c on a.tire_id=c.tire_id where a.place!=0 and '2017-10-09' < b.install_stamp < '2017-11-15' limit 0,10]-
-错误内容:-
-错误号:-
-错误脚本:/YangziBUS2/ajaction/v1/?menuid=131311&cmd=qry_figure-
-错误页面地址:http://localhost/YangziBUS2/module_13/tireProtect.php-
------------------

------------------
-时间:06:40:49-
-错误信息:错误的SQL语句: [select a.*,b.plate_no,b.mile_count as b_mc,c.factory_code,c.fst_place_stamp,c.status from tire_exchg_log as a 
                left join bus_info as b on a.bus_id=b.bus_id
                left join tire_info as c on a.tire_id=c.tire_id where a.place!=0 and '2017-10-09' < b.install_stamp < '2017-11-15']-
-错误内容:Unknown column 'b.install_stamp' in 'where clause'-
-错误号:1054-
-错误脚本:/YangziBUS2/ajaction/v1/?menuid=131311&cmd=qry_figure-
-错误页面地址:http://localhost/YangziBUS2/module_13/tireProtect.php-
------------------

------------------
-时间:06:40:49-
-错误信息:错误的SQL语句: [select a.*,b.plate_no,b.mile_count as b_mc,c.factory_code,c.fst_place_stamp,c.status from tire_exchg_log as a 
                left join bus_info as b on a.bus_id=b.bus_id
                left join tire_info as c on a.tire_id=c.tire_id where a.place!=0 and '2017-10-09' < b.install_stamp < '2017-11-15' limit 0,10]-
-错误内容:-
-错误号:-
-错误脚本:/YangziBUS2/ajaction/v1/?menuid=131311&cmd=qry_figure-
-错误页面地址:http://localhost/YangziBUS2/module_13/tireProtect.php-
------------------

------------------
-时间:06:41:48-
-错误信息:错误的SQL语句: [select a.*,b.plate_no,b.mile_count as b_mc,c.factory_code,c.fst_place_stamp,c.status from tire_exchg_log as a 
                left join bus_info as b on a.bus_id=b.bus_id
                left join tire_info as c on a.tire_id=c.tire_id where a.place!=0 and '2017-10-09' < b.install_stamp < '2017-11-15']-
-错误内容:Unknown column 'b.install_stamp' in 'where clause'-
-错误号:1054-
-错误脚本:/YangziBUS2/ajaction/v1/?menuid=131311&cmd=qry_figure-
-错误页面地址:http://localhost/YangziBUS2/module_13/tireProtect.php-
------------------

------------------
-时间:06:41:48-
-错误信息:错误的SQL语句: [select a.*,b.plate_no,b.mile_count as b_mc,c.factory_code,c.fst_place_stamp,c.status from tire_exchg_log as a 
                left join bus_info as b on a.bus_id=b.bus_id
                left join tire_info as c on a.tire_id=c.tire_id where a.place!=0 and '2017-10-09' < b.install_stamp < '2017-11-15' limit 0,10]-
-错误内容:-
-错误号:-
-错误脚本:/YangziBUS2/ajaction/v1/?menuid=131311&cmd=qry_figure-
-错误页面地址:http://localhost/YangziBUS2/module_13/tireProtect.php-
------------------

------------------
-时间:06:42:18-
-错误信息:错误的SQL语句: [select a.*,b.plate_no,b.mile_count as b_mc,c.factory_code,c.fst_place_stamp,c.status from tire_exchg_log as a 
                left join bus_info as b on a.bus_id=b.bus_id
                left join tire_info as c on a.tire_id=c.tire_id where a.place!=0 and '2017-10-10' < b.install_stamp < '2017-11-15']-
-错误内容:Unknown column 'b.install_stamp' in 'where clause'-
-错误号:1054-
-错误脚本:/YangziBUS2/ajaction/v1/?menuid=131311&cmd=qry_figure-
-错误页面地址:http://localhost/YangziBUS2/module_13/tireProtect.php-
------------------

------------------
-时间:06:42:18-
-错误信息:错误的SQL语句: [select a.*,b.plate_no,b.mile_count as b_mc,c.factory_code,c.fst_place_stamp,c.status from tire_exchg_log as a 
                left join bus_info as b on a.bus_id=b.bus_id
                left join tire_info as c on a.tire_id=c.tire_id where a.place!=0 and '2017-10-10' < b.install_stamp < '2017-11-15' limit 0,10]-
-错误内容:-
-错误号:-
-错误脚本:/YangziBUS2/ajaction/v1/?menuid=131311&cmd=qry_figure-
-错误页面地址:http://localhost/YangziBUS2/module_13/tireProtect.php-
------------------

------------------
-时间:06:44:39-
-错误信息:错误的SQL语句: [select a.*,b.plate_no,b.mile_count as b_mc,c.factory_code,c.fst_place_stamp,c.status from tire_exchg_log as a 
                left join bus_info as b on a.bus_id=b.bus_id
                left join tire_info as c on a.tire_id=c.tire_id where a.place!=0 and '2017-10-01' < b.install_stamp < '2017-11-10']-
-错误内容:Unknown column 'b.install_stamp' in 'where clause'-
-错误号:1054-
-错误脚本:/YangziBUS2/ajaction/v1/?menuid=131311&cmd=qry_figure&start_time=2017-10-01&end_time=2017-11-10-
-错误页面地址:-
------------------

------------------
-时间:06:44:39-
-错误信息:错误的SQL语句: [select a.*,b.plate_no,b.mile_count as b_mc,c.factory_code,c.fst_place_stamp,c.status from tire_exchg_log as a 
                left join bus_info as b on a.bus_id=b.bus_id
                left join tire_info as c on a.tire_id=c.tire_id where a.place!=0 and '2017-10-01' < b.install_stamp < '2017-11-10' limit 0,10]-
-错误内容:-
-错误号:-
-错误脚本:/YangziBUS2/ajaction/v1/?menuid=131311&cmd=qry_figure&start_time=2017-10-01&end_time=2017-11-10-
-错误页面地址:-
------------------
