
------------------
-时间:02:25:53-
-错误信息:错误的SQL语句: [select distinct a.*,a.overflow_pressure1+a.overflow_pressure2+a.overflow_pressure3+a.overflow_pressure4+a.overflow_pressure5+a.overflow_pressure6  as pressureco ,a.overflow_temp1+a.overflow_temp2+a.overflow_temp3+a.overflow_temp4+a.overflow_temp5+a.overflow_temp6  as tempo,b.plate_no,b.speed_limit,b.mile_count,b.wheel_count from bt_real_log as a left join bus_info as b
                on a.bus_id=b.bus_id where b.plate_no!='' and b.plate_no is not null order by pressureco desc,tempo desc]-
-错误内容:Table 'ttms_yangzi.bt_real_log' doesn't exist-
-错误号:1146-
-错误脚本:/YangziBUS2/ajaction/v1/?menuid=131010&cmd=qry&t=1&store_id=-
-错误页面地址:http://localhost/YangziBUS2/module_13/sys.real_show.php?MenuNo=131010-
------------------

------------------
-时间:02:26:38-
-错误信息:错误的SQL语句: [select distinct a.*,a.overflow_pressure1+a.overflow_pressure2+a.overflow_pressure3+a.overflow_pressure4+a.overflow_pressure5+a.overflow_pressure6  as pressureco ,a.overflow_temp1+a.overflow_temp2+a.overflow_temp3+a.overflow_temp4+a.overflow_temp5+a.overflow_temp6  as tempo,b.plate_no,b.speed_limit,b.mile_count,b.wheel_count from bt_real_log as a left join bus_info as b
                on a.bus_id=b.bus_id where b.plate_no!='' and b.plate_no is not null order by pressureco desc,tempo desc]-
-错误内容:Table 'ttms_yangzi.bt_real_log' doesn't exist-
-错误号:1146-
-错误脚本:/YangziBUS2/ajaction/v1/?menuid=131010&cmd=qry&t=1&store_id=-
-错误页面地址:http://localhost/YangziBUS2/module_13/sys.real_show.php?MenuNo=131010-
------------------

------------------
-时间:02:27:23-
-错误信息:错误的SQL语句: [select distinct a.*,a.overflow_pressure1+a.overflow_pressure2+a.overflow_pressure3+a.overflow_pressure4+a.overflow_pressure5+a.overflow_pressure6  as pressureco ,a.overflow_temp1+a.overflow_temp2+a.overflow_temp3+a.overflow_temp4+a.overflow_temp5+a.overflow_temp6  as tempo,b.plate_no,b.speed_limit,b.mile_count,b.wheel_count from bt_real_log as a left join bus_info as b
                on a.bus_id=b.bus_id where b.plate_no!='' and b.plate_no is not null order by pressureco desc,tempo desc]-
-错误内容:Table 'ttms_yangzi.bt_real_log' doesn't exist-
-错误号:1146-
-错误脚本:/YangziBUS2/ajaction/v1/?menuid=131010&cmd=qry&t=1&store_id=-
-错误页面地址:http://localhost/YangziBUS2/module_13/sys.real_show.php?MenuNo=131010-
------------------

------------------
-时间:02:27:47-
-错误信息:错误的SQL语句: [select distinct a.*,a.overflow_pressure1+a.overflow_pressure2+a.overflow_pressure3+a.overflow_pressure4+a.overflow_pressure5+a.overflow_pressure6  as pressureco ,a.overflow_temp1+a.overflow_temp2+a.overflow_temp3+a.overflow_temp4+a.overflow_temp5+a.overflow_temp6  as tempo,b.plate_no,b.speed_limit,b.mile_count,b.wheel_count from bt_real_log as a left join bus_info as b
                on a.bus_id=b.bus_id where b.plate_no!='' and b.plate_no is not null order by pressureco desc,tempo desc]-
-错误内容:Table 'ttms_yangzi.bt_real_log' doesn't exist-
-错误号:1146-
-错误脚本:/YangziBUS2/ajaction/v1/?menuid=131010&cmd=qry&t=1&store_id=-
-错误页面地址:http://localhost/YangziBUS2/module_13/sys.real_show.php?MenuNo=131010-
------------------

------------------
-时间:02:28:32-
-错误信息:错误的SQL语句: [select distinct a.*,a.overflow_pressure1+a.overflow_pressure2+a.overflow_pressure3+a.overflow_pressure4+a.overflow_pressure5+a.overflow_pressure6  as pressureco ,a.overflow_temp1+a.overflow_temp2+a.overflow_temp3+a.overflow_temp4+a.overflow_temp5+a.overflow_temp6  as tempo,b.plate_no,b.speed_limit,b.mile_count,b.wheel_count from bt_real_log as a left join bus_info as b
                on a.bus_id=b.bus_id where b.plate_no!='' and b.plate_no is not null order by pressureco desc,tempo desc]-
-错误内容:Table 'ttms_yangzi.bt_real_log' doesn't exist-
-错误号:1146-
-错误脚本:/YangziBUS2/ajaction/v1/?menuid=131010&cmd=qry&t=1&store_id=-
-错误页面地址:http://localhost/YangziBUS2/module_13/sys.real_show.php?MenuNo=131010-
------------------

------------------
-时间:02:29:18-
-错误信息:错误的SQL语句: [select distinct a.*,a.overflow_pressure1+a.overflow_pressure2+a.overflow_pressure3+a.overflow_pressure4+a.overflow_pressure5+a.overflow_pressure6  as pressureco ,a.overflow_temp1+a.overflow_temp2+a.overflow_temp3+a.overflow_temp4+a.overflow_temp5+a.overflow_temp6  as tempo,b.plate_no,b.speed_limit,b.mile_count,b.wheel_count from bt_real_log as a left join bus_info as b
                on a.bus_id=b.bus_id where b.plate_no!='' and b.plate_no is not null order by pressureco desc,tempo desc]-
-错误内容:Table 'ttms_yangzi.bt_real_log' doesn't exist-
-错误号:1146-
-错误脚本:/YangziBUS2/ajaction/v1/?menuid=131010&cmd=qry&t=1&store_id=-
-错误页面地址:http://localhost/YangziBUS2/module_13/sys.real_show.php?MenuNo=131010-
------------------

------------------
-时间:02:30:03-
-错误信息:错误的SQL语句: [select distinct a.*,a.overflow_pressure1+a.overflow_pressure2+a.overflow_pressure3+a.overflow_pressure4+a.overflow_pressure5+a.overflow_pressure6  as pressureco ,a.overflow_temp1+a.overflow_temp2+a.overflow_temp3+a.overflow_temp4+a.overflow_temp5+a.overflow_temp6  as tempo,b.plate_no,b.speed_limit,b.mile_count,b.wheel_count from bt_real_log as a left join bus_info as b
                on a.bus_id=b.bus_id where b.plate_no!='' and b.plate_no is not null order by pressureco desc,tempo desc]-
-错误内容:Table 'ttms_yangzi.bt_real_log' doesn't exist-
-错误号:1146-
-错误脚本:/YangziBUS2/ajaction/v1/?menuid=131010&cmd=qry&t=1&store_id=-
-错误页面地址:http://localhost/YangziBUS2/module_13/sys.real_show.php?MenuNo=131010-
------------------

------------------
-时间:02:30:48-
-错误信息:错误的SQL语句: [select distinct a.*,a.overflow_pressure1+a.overflow_pressure2+a.overflow_pressure3+a.overflow_pressure4+a.overflow_pressure5+a.overflow_pressure6  as pressureco ,a.overflow_temp1+a.overflow_temp2+a.overflow_temp3+a.overflow_temp4+a.overflow_temp5+a.overflow_temp6  as tempo,b.plate_no,b.speed_limit,b.mile_count,b.wheel_count from bt_real_log as a left join bus_info as b
                on a.bus_id=b.bus_id where b.plate_no!='' and b.plate_no is not null order by pressureco desc,tempo desc]-
-错误内容:Table 'ttms_yangzi.bt_real_log' doesn't exist-
-错误号:1146-
-错误脚本:/YangziBUS2/ajaction/v1/?menuid=131010&cmd=qry&t=1&store_id=-
-错误页面地址:http://localhost/YangziBUS2/module_13/sys.real_show.php?MenuNo=131010-
------------------

------------------
-时间:02:31:33-
-错误信息:错误的SQL语句: [select distinct a.*,a.overflow_pressure1+a.overflow_pressure2+a.overflow_pressure3+a.overflow_pressure4+a.overflow_pressure5+a.overflow_pressure6  as pressureco ,a.overflow_temp1+a.overflow_temp2+a.overflow_temp3+a.overflow_temp4+a.overflow_temp5+a.overflow_temp6  as tempo,b.plate_no,b.speed_limit,b.mile_count,b.wheel_count from bt_real_log as a left join bus_info as b
                on a.bus_id=b.bus_id where b.plate_no!='' and b.plate_no is not null order by pressureco desc,tempo desc]-
-错误内容:Table 'ttms_yangzi.bt_real_log' doesn't exist-
-错误号:1146-
-错误脚本:/YangziBUS2/ajaction/v1/?menuid=131010&cmd=qry&t=1&store_id=-
-错误页面地址:http://localhost/YangziBUS2/module_13/sys.real_show.php?MenuNo=131010-
------------------

------------------
-时间:02:32:18-
-错误信息:错误的SQL语句: [select distinct a.*,a.overflow_pressure1+a.overflow_pressure2+a.overflow_pressure3+a.overflow_pressure4+a.overflow_pressure5+a.overflow_pressure6  as pressureco ,a.overflow_temp1+a.overflow_temp2+a.overflow_temp3+a.overflow_temp4+a.overflow_temp5+a.overflow_temp6  as tempo,b.plate_no,b.speed_limit,b.mile_count,b.wheel_count from bt_real_log as a left join bus_info as b
                on a.bus_id=b.bus_id where b.plate_no!='' and b.plate_no is not null order by pressureco desc,tempo desc]-
-错误内容:Table 'ttms_yangzi.bt_real_log' doesn't exist-
-错误号:1146-
-错误脚本:/YangziBUS2/ajaction/v1/?menuid=131010&cmd=qry&t=1&store_id=-
-错误页面地址:http://localhost/YangziBUS2/module_13/sys.real_show.php?MenuNo=131010-
------------------

------------------
-时间:02:33:03-
-错误信息:错误的SQL语句: [select distinct a.*,a.overflow_pressure1+a.overflow_pressure2+a.overflow_pressure3+a.overflow_pressure4+a.overflow_pressure5+a.overflow_pressure6  as pressureco ,a.overflow_temp1+a.overflow_temp2+a.overflow_temp3+a.overflow_temp4+a.overflow_temp5+a.overflow_temp6  as tempo,b.plate_no,b.speed_limit,b.mile_count,b.wheel_count from bt_real_log as a left join bus_info as b
                on a.bus_id=b.bus_id where b.plate_no!='' and b.plate_no is not null order by pressureco desc,tempo desc]-
-错误内容:Table 'ttms_yangzi.bt_real_log' doesn't exist-
-错误号:1146-
-错误脚本:/YangziBUS2/ajaction/v1/?menuid=131010&cmd=qry&t=1&store_id=-
-错误页面地址:http://localhost/YangziBUS2/module_13/sys.real_show.php?MenuNo=131010-
------------------

------------------
-时间:02:33:48-
-错误信息:错误的SQL语句: [select distinct a.*,a.overflow_pressure1+a.overflow_pressure2+a.overflow_pressure3+a.overflow_pressure4+a.overflow_pressure5+a.overflow_pressure6  as pressureco ,a.overflow_temp1+a.overflow_temp2+a.overflow_temp3+a.overflow_temp4+a.overflow_temp5+a.overflow_temp6  as tempo,b.plate_no,b.speed_limit,b.mile_count,b.wheel_count from bt_real_log as a left join bus_info as b
                on a.bus_id=b.bus_id where b.plate_no!='' and b.plate_no is not null order by pressureco desc,tempo desc]-
-错误内容:Table 'ttms_yangzi.bt_real_log' doesn't exist-
-错误号:1146-
-错误脚本:/YangziBUS2/ajaction/v1/?menuid=131010&cmd=qry&t=1&store_id=-
-错误页面地址:http://localhost/YangziBUS2/module_13/sys.real_show.php?MenuNo=131010-
------------------

------------------
-时间:02:34:33-
-错误信息:错误的SQL语句: [select distinct a.*,a.overflow_pressure1+a.overflow_pressure2+a.overflow_pressure3+a.overflow_pressure4+a.overflow_pressure5+a.overflow_pressure6  as pressureco ,a.overflow_temp1+a.overflow_temp2+a.overflow_temp3+a.overflow_temp4+a.overflow_temp5+a.overflow_temp6  as tempo,b.plate_no,b.speed_limit,b.mile_count,b.wheel_count from bt_real_log as a left join bus_info as b
                on a.bus_id=b.bus_id where b.plate_no!='' and b.plate_no is not null order by pressureco desc,tempo desc]-
-错误内容:Table 'ttms_yangzi.bt_real_log' doesn't exist-
-错误号:1146-
-错误脚本:/YangziBUS2/ajaction/v1/?menuid=131010&cmd=qry&t=1&store_id=-
-错误页面地址:http://localhost/YangziBUS2/module_13/sys.real_show.php?MenuNo=131010-
------------------

------------------
-时间:02:35:18-
-错误信息:错误的SQL语句: [select distinct a.*,a.overflow_pressure1+a.overflow_pressure2+a.overflow_pressure3+a.overflow_pressure4+a.overflow_pressure5+a.overflow_pressure6  as pressureco ,a.overflow_temp1+a.overflow_temp2+a.overflow_temp3+a.overflow_temp4+a.overflow_temp5+a.overflow_temp6  as tempo,b.plate_no,b.speed_limit,b.mile_count,b.wheel_count from bt_real_log as a left join bus_info as b
                on a.bus_id=b.bus_id where b.plate_no!='' and b.plate_no is not null order by pressureco desc,tempo desc]-
-错误内容:Table 'ttms_yangzi.bt_real_log' doesn't exist-
-错误号:1146-
-错误脚本:/YangziBUS2/ajaction/v1/?menuid=131010&cmd=qry&t=1&store_id=-
-错误页面地址:http://localhost/YangziBUS2/module_13/sys.real_show.php?MenuNo=131010-
------------------

------------------
-时间:02:36:03-
-错误信息:错误的SQL语句: [select distinct a.*,a.overflow_pressure1+a.overflow_pressure2+a.overflow_pressure3+a.overflow_pressure4+a.overflow_pressure5+a.overflow_pressure6  as pressureco ,a.overflow_temp1+a.overflow_temp2+a.overflow_temp3+a.overflow_temp4+a.overflow_temp5+a.overflow_temp6  as tempo,b.plate_no,b.speed_limit,b.mile_count,b.wheel_count from bt_real_log as a left join bus_info as b
                on a.bus_id=b.bus_id where b.plate_no!='' and b.plate_no is not null order by pressureco desc,tempo desc]-
-错误内容:Table 'ttms_yangzi.bt_real_log' doesn't exist-
-错误号:1146-
-错误脚本:/YangziBUS2/ajaction/v1/?menuid=131010&cmd=qry&t=1&store_id=-
-错误页面地址:http://localhost/YangziBUS2/module_13/sys.real_show.php?MenuNo=131010-
------------------

------------------
-时间:02:36:48-
-错误信息:错误的SQL语句: [select distinct a.*,a.overflow_pressure1+a.overflow_pressure2+a.overflow_pressure3+a.overflow_pressure4+a.overflow_pressure5+a.overflow_pressure6  as pressureco ,a.overflow_temp1+a.overflow_temp2+a.overflow_temp3+a.overflow_temp4+a.overflow_temp5+a.overflow_temp6  as tempo,b.plate_no,b.speed_limit,b.mile_count,b.wheel_count from bt_real_log as a left join bus_info as b
                on a.bus_id=b.bus_id where b.plate_no!='' and b.plate_no is not null order by pressureco desc,tempo desc]-
-错误内容:Table 'ttms_yangzi.bt_real_log' doesn't exist-
-错误号:1146-
-错误脚本:/YangziBUS2/ajaction/v1/?menuid=131010&cmd=qry&t=1&store_id=-
-错误页面地址:http://localhost/YangziBUS2/module_13/sys.real_show.php?MenuNo=131010-
------------------

------------------
-时间:02:37:33-
-错误信息:错误的SQL语句: [select distinct a.*,a.overflow_pressure1+a.overflow_pressure2+a.overflow_pressure3+a.overflow_pressure4+a.overflow_pressure5+a.overflow_pressure6  as pressureco ,a.overflow_temp1+a.overflow_temp2+a.overflow_temp3+a.overflow_temp4+a.overflow_temp5+a.overflow_temp6  as tempo,b.plate_no,b.speed_limit,b.mile_count,b.wheel_count from bt_real_log as a left join bus_info as b
                on a.bus_id=b.bus_id where b.plate_no!='' and b.plate_no is not null order by pressureco desc,tempo desc]-
-错误内容:Table 'ttms_yangzi.bt_real_log' doesn't exist-
-错误号:1146-
-错误脚本:/YangziBUS2/ajaction/v1/?menuid=131010&cmd=qry&t=1&store_id=-
-错误页面地址:http://localhost/YangziBUS2/module_13/sys.real_show.php?MenuNo=131010-
------------------

------------------
-时间:02:38:18-
-错误信息:错误的SQL语句: [select distinct a.*,a.overflow_pressure1+a.overflow_pressure2+a.overflow_pressure3+a.overflow_pressure4+a.overflow_pressure5+a.overflow_pressure6  as pressureco ,a.overflow_temp1+a.overflow_temp2+a.overflow_temp3+a.overflow_temp4+a.overflow_temp5+a.overflow_temp6  as tempo,b.plate_no,b.speed_limit,b.mile_count,b.wheel_count from bt_real_log as a left join bus_info as b
                on a.bus_id=b.bus_id where b.plate_no!='' and b.plate_no is not null order by pressureco desc,tempo desc]-
-错误内容:Table 'ttms_yangzi.bt_real_log' doesn't exist-
-错误号:1146-
-错误脚本:/YangziBUS2/ajaction/v1/?menuid=131010&cmd=qry&t=1&store_id=-
-错误页面地址:http://localhost/YangziBUS2/module_13/sys.real_show.php?MenuNo=131010-
------------------
