
------------------
-时间:03:04:37-
-错误信息:错误的SQL语句: [select * from bt_real_log]-
-错误内容:Table 'ttms_yangzi.bt_real_log' doesn't exist-
-错误号:1146-
-错误脚本:/YangziBUS2/ajaction/v1/?menuid=0&cmd=get_index_data-
-错误页面地址:http://localhost:8080/YangziBUS2/main.php-
------------------

------------------
-时间:03:04:37-
-错误信息:错误的SQL语句: [select * from bus_alarm_log]-
-错误内容:-
-错误号:-
-错误脚本:/YangziBUS2/ajaction/v1/?menuid=0&cmd=get_index_data-
-错误页面地址:http://localhost:8080/YangziBUS2/main.php-
------------------

------------------
-时间:03:04:37-
-错误信息:错误的SQL语句: [select * from bus_alarm_log where pressure>pressure_ul]-
-错误内容:-
-错误号:-
-错误脚本:/YangziBUS2/ajaction/v1/?menuid=0&cmd=get_index_data-
-错误页面地址:http://localhost:8080/YangziBUS2/main.php-
------------------

------------------
-时间:03:04:37-
-错误信息:错误的SQL语句: [select * from bus_alarm_log where pressure<pressure_ll]-
-错误内容:-
-错误号:-
-错误脚本:/YangziBUS2/ajaction/v1/?menuid=0&cmd=get_index_data-
-错误页面地址:http://localhost:8080/YangziBUS2/main.php-
------------------

------------------
-时间:03:04:37-
-错误信息:错误的SQL语句: [select * from bus_alarm_log where temp>temp_ul]-
-错误内容:-
-错误号:-
-错误脚本:/YangziBUS2/ajaction/v1/?menuid=0&cmd=get_index_data-
-错误页面地址:http://localhost:8080/YangziBUS2/main.php-
------------------

------------------
-时间:03:04:57-
-错误信息:错误的SQL语句: [select * from bt_real_log]-
-错误内容:Table 'ttms_yangzi.bt_real_log' doesn't exist-
-错误号:1146-
-错误脚本:/YangziBUS2/ajaction/v1/?menuid=0&cmd=get_index_data-
-错误页面地址:http://localhost:8080/YangziBUS2/main.php-
------------------

------------------
-时间:03:04:57-
-错误信息:错误的SQL语句: [select * from bus_alarm_log]-
-错误内容:-
-错误号:-
-错误脚本:/YangziBUS2/ajaction/v1/?menuid=0&cmd=get_index_data-
-错误页面地址:http://localhost:8080/YangziBUS2/main.php-
------------------

------------------
-时间:03:04:57-
-错误信息:错误的SQL语句: [select * from bus_alarm_log where pressure>pressure_ul]-
-错误内容:-
-错误号:-
-错误脚本:/YangziBUS2/ajaction/v1/?menuid=0&cmd=get_index_data-
-错误页面地址:http://localhost:8080/YangziBUS2/main.php-
------------------

------------------
-时间:03:04:57-
-错误信息:错误的SQL语句: [select * from bus_alarm_log where pressure<pressure_ll]-
-错误内容:-
-错误号:-
-错误脚本:/YangziBUS2/ajaction/v1/?menuid=0&cmd=get_index_data-
-错误页面地址:http://localhost:8080/YangziBUS2/main.php-
------------------

------------------
-时间:03:04:57-
-错误信息:错误的SQL语句: [select * from bus_alarm_log where temp>temp_ul]-
-错误内容:-
-错误号:-
-错误脚本:/YangziBUS2/ajaction/v1/?menuid=0&cmd=get_index_data-
-错误页面地址:http://localhost:8080/YangziBUS2/main.php-
------------------

------------------
-时间:03:05:10-
-错误信息:错误的SQL语句: [select a.*,b.norms_name,c.class_name,d.figure_name,e.brand_name from tire_param_info as a 
                left join brand as b on a.norms_id=b.brand_id 
                left join brand as c on a.class_id=c.brand_id
                left join brand as d on a.figure_id=d.brand_id
                left join brand as e on a.brand_id=e.brand_id]-
-错误内容:Unknown column 'b.norms_name' in 'field list'-
-错误号:1054-
-错误脚本:/YangziBUS2/ajaction/v1/?menuid=0&cmd=get_all_tireparam-
-错误页面地址:http://localhost:8080/YangziBUS2/module_12/vehicle.php-
------------------

------------------
-时间:03:05:59-
-错误信息:错误的SQL语句: [select a.*,b.norms_name,c.class_name,d.figure_name,e.brand_name from tire_param_info as a 
                left join brand as b on a.norms_id=b.brand_id 
                left join brand as c on a.class_id=c.brand_id
                left join brand as d on a.figure_id=d.brand_id
                left join brand as e on a.brand_id=e.brand_id]-
-错误内容:Unknown column 'b.norms_name' in 'field list'-
-错误号:1054-
-错误脚本:/YangziBUS2/ajaction/v1/?menuid=0&cmd=get_all_tireparam-
-错误页面地址:http://localhost:8080/YangziBUS2/module_12/vehicle.php-
------------------

------------------
-时间:03:06:01-
-错误信息:错误的SQL语句: [select distinct a.*,a.overflow_pressure1+a.overflow_pressure2+a.overflow_pressure3+a.overflow_pressure4+a.overflow_pressure5+a.overflow_pressure6  as pressureco ,a.overflow_temp1+a.overflow_temp2+a.overflow_temp3+a.overflow_temp4+a.overflow_temp5+a.overflow_temp6  as tempo,b.plate_no,b.speed_limit,b.mile_count,b.wheel_count from bt_real_log as a left join bus_info as b
                on a.bus_id=b.bus_id where b.plate_no!='' and b.plate_no is not null order by pressureco desc,tempo desc]-
-错误内容:Table 'ttms_yangzi.bt_real_log' doesn't exist-
-错误号:1146-
-错误脚本:/YangziBUS2/ajaction/v1/?menuid=131010&cmd=qry&t=1&store_id=-
-错误页面地址:http://localhost:8080/YangziBUS2/module_13/sys.real_show.php-
------------------

------------------
-时间:03:33:25-
-错误信息:错误的SQL语句: [select * from bt_real_log]-
-错误内容:Table 'ttms_yangzi.bt_real_log' doesn't exist-
-错误号:1146-
-错误脚本:/YangziBUS2/ajaction/v1/?menuid=0&cmd=get_index_data-
-错误页面地址:http://localhost:8080/YangziBUS2/main.php-
------------------

------------------
-时间:03:33:25-
-错误信息:错误的SQL语句: [select * from bus_alarm_log]-
-错误内容:-
-错误号:-
-错误脚本:/YangziBUS2/ajaction/v1/?menuid=0&cmd=get_index_data-
-错误页面地址:http://localhost:8080/YangziBUS2/main.php-
------------------

------------------
-时间:03:33:25-
-错误信息:错误的SQL语句: [select * from bus_alarm_log where pressure>pressure_ul]-
-错误内容:-
-错误号:-
-错误脚本:/YangziBUS2/ajaction/v1/?menuid=0&cmd=get_index_data-
-错误页面地址:http://localhost:8080/YangziBUS2/main.php-
------------------

------------------
-时间:03:33:25-
-错误信息:错误的SQL语句: [select * from bus_alarm_log where pressure<pressure_ll]-
-错误内容:-
-错误号:-
-错误脚本:/YangziBUS2/ajaction/v1/?menuid=0&cmd=get_index_data-
-错误页面地址:http://localhost:8080/YangziBUS2/main.php-
------------------

------------------
-时间:03:33:25-
-错误信息:错误的SQL语句: [select * from bus_alarm_log where temp>temp_ul]-
-错误内容:-
-错误号:-
-错误脚本:/YangziBUS2/ajaction/v1/?menuid=0&cmd=get_index_data-
-错误页面地址:http://localhost:8080/YangziBUS2/main.php-
------------------

------------------
-时间:03:34:24-
-错误信息:错误的SQL语句: [select * from bt_real_log]-
-错误内容:Table 'ttms_yangzi.bt_real_log' doesn't exist-
-错误号:1146-
-错误脚本:/YangziBUS2/ajaction/v1/?menuid=0&cmd=get_index_data-
-错误页面地址:http://localhost:8080/YangziBUS2/main.php-
------------------

------------------
-时间:03:34:24-
-错误信息:错误的SQL语句: [select * from bus_alarm_log]-
-错误内容:-
-错误号:-
-错误脚本:/YangziBUS2/ajaction/v1/?menuid=0&cmd=get_index_data-
-错误页面地址:http://localhost:8080/YangziBUS2/main.php-
------------------

------------------
-时间:03:34:24-
-错误信息:错误的SQL语句: [select * from bus_alarm_log where pressure>pressure_ul]-
-错误内容:-
-错误号:-
-错误脚本:/YangziBUS2/ajaction/v1/?menuid=0&cmd=get_index_data-
-错误页面地址:http://localhost:8080/YangziBUS2/main.php-
------------------

------------------
-时间:03:34:24-
-错误信息:错误的SQL语句: [select * from bus_alarm_log where pressure<pressure_ll]-
-错误内容:-
-错误号:-
-错误脚本:/YangziBUS2/ajaction/v1/?menuid=0&cmd=get_index_data-
-错误页面地址:http://localhost:8080/YangziBUS2/main.php-
------------------

------------------
-时间:03:34:24-
-错误信息:错误的SQL语句: [select * from bus_alarm_log where temp>temp_ul]-
-错误内容:-
-错误号:-
-错误脚本:/YangziBUS2/ajaction/v1/?menuid=0&cmd=get_index_data-
-错误页面地址:http://localhost:8080/YangziBUS2/main.php-
------------------

------------------
-时间:03:34:46-
-错误信息:错误的SQL语句: [select * from bt_real_log]-
-错误内容:Table 'ttms_yangzi.bt_real_log' doesn't exist-
-错误号:1146-
-错误脚本:/YangziBUS2/ajaction/v1/?menuid=0&cmd=get_index_data-
-错误页面地址:http://localhost:8080/YangziBUS2/main.php-
------------------

------------------
-时间:03:34:46-
-错误信息:错误的SQL语句: [select * from bus_alarm_log]-
-错误内容:-
-错误号:-
-错误脚本:/YangziBUS2/ajaction/v1/?menuid=0&cmd=get_index_data-
-错误页面地址:http://localhost:8080/YangziBUS2/main.php-
------------------

------------------
-时间:03:34:46-
-错误信息:错误的SQL语句: [select * from bus_alarm_log where pressure>pressure_ul]-
-错误内容:-
-错误号:-
-错误脚本:/YangziBUS2/ajaction/v1/?menuid=0&cmd=get_index_data-
-错误页面地址:http://localhost:8080/YangziBUS2/main.php-
------------------

------------------
-时间:03:34:46-
-错误信息:错误的SQL语句: [select * from bus_alarm_log where pressure<pressure_ll]-
-错误内容:-
-错误号:-
-错误脚本:/YangziBUS2/ajaction/v1/?menuid=0&cmd=get_index_data-
-错误页面地址:http://localhost:8080/YangziBUS2/main.php-
------------------

------------------
-时间:03:34:46-
-错误信息:错误的SQL语句: [select * from bus_alarm_log where temp>temp_ul]-
-错误内容:-
-错误号:-
-错误脚本:/YangziBUS2/ajaction/v1/?menuid=0&cmd=get_index_data-
-错误页面地址:http://localhost:8080/YangziBUS2/main.php-
------------------

------------------
-时间:03:35:02-
-错误信息:错误的SQL语句: [select * from bt_real_log]-
-错误内容:Table 'ttms_yangzi.bt_real_log' doesn't exist-
-错误号:1146-
-错误脚本:/YangziBUS2/ajaction/v1/?menuid=0&cmd=get_index_data-
-错误页面地址:http://localhost:8080/YangziBUS2/main.php-
------------------

------------------
-时间:03:35:02-
-错误信息:错误的SQL语句: [select * from bus_alarm_log]-
-错误内容:-
-错误号:-
-错误脚本:/YangziBUS2/ajaction/v1/?menuid=0&cmd=get_index_data-
-错误页面地址:http://localhost:8080/YangziBUS2/main.php-
------------------

------------------
-时间:03:35:02-
-错误信息:错误的SQL语句: [select * from bus_alarm_log where pressure>pressure_ul]-
-错误内容:-
-错误号:-
-错误脚本:/YangziBUS2/ajaction/v1/?menuid=0&cmd=get_index_data-
-错误页面地址:http://localhost:8080/YangziBUS2/main.php-
------------------

------------------
-时间:03:35:02-
-错误信息:错误的SQL语句: [select * from bus_alarm_log where pressure<pressure_ll]-
-错误内容:-
-错误号:-
-错误脚本:/YangziBUS2/ajaction/v1/?menuid=0&cmd=get_index_data-
-错误页面地址:http://localhost:8080/YangziBUS2/main.php-
------------------

------------------
-时间:03:35:02-
-错误信息:错误的SQL语句: [select * from bus_alarm_log where temp>temp_ul]-
-错误内容:-
-错误号:-
-错误脚本:/YangziBUS2/ajaction/v1/?menuid=0&cmd=get_index_data-
-错误页面地址:http://localhost:8080/YangziBUS2/main.php-
------------------

------------------
-时间:03:35:28-
-错误信息:错误的SQL语句: [select a.*,b.norms_name,c.class_name,d.figure_name,e.brand_name from tire_param_info as a 
                left join brand as b on a.norms_id=b.brand_id 
                left join brand as c on a.class_id=c.brand_id
                left join brand as d on a.figure_id=d.brand_id
                left join brand as e on a.brand_id=e.brand_id]-
-错误内容:Unknown column 'b.norms_name' in 'field list'-
-错误号:1054-
-错误脚本:/YangziBUS2/ajaction/v1/?menuid=0&cmd=get_all_tireparam-
-错误页面地址:http://localhost:8080/YangziBUS2/module_12/vehicle.php-
------------------

------------------
-时间:03:35:33-
-错误信息:错误的SQL语句: [select distinct a.*,a.overflow_pressure1+a.overflow_pressure2+a.overflow_pressure3+a.overflow_pressure4+a.overflow_pressure5+a.overflow_pressure6  as pressureco ,a.overflow_temp1+a.overflow_temp2+a.overflow_temp3+a.overflow_temp4+a.overflow_temp5+a.overflow_temp6  as tempo,b.plate_no,b.speed_limit,b.mile_count,b.wheel_count from bt_real_log as a left join bus_info as b
                on a.bus_id=b.bus_id where b.plate_no!='' and b.plate_no is not null order by pressureco desc,tempo desc]-
-错误内容:Table 'ttms_yangzi.bt_real_log' doesn't exist-
-错误号:1146-
-错误脚本:/YangziBUS2/ajaction/v1/?menuid=131010&cmd=qry&t=1&store_id=-
-错误页面地址:http://localhost:8080/YangziBUS2/module_13/sys.real_show.php-
------------------

------------------
-时间:03:35:49-
-错误信息:错误的SQL语句: [select distinct a.*,a.overflow_pressure1+a.overflow_pressure2+a.overflow_pressure3+a.overflow_pressure4+a.overflow_pressure5+a.overflow_pressure6  as pressureco ,a.overflow_temp1+a.overflow_temp2+a.overflow_temp3+a.overflow_temp4+a.overflow_temp5+a.overflow_temp6  as tempo,b.plate_no,b.speed_limit,b.mile_count,b.wheel_count from bt_real_log as a left join bus_info as b
                on a.bus_id=b.bus_id where b.plate_no!='' and b.plate_no is not null order by pressureco desc,tempo desc]-
-错误内容:Table 'ttms_yangzi.bt_real_log' doesn't exist-
-错误号:1146-
-错误脚本:/YangziBUS2/ajaction/v1/?menuid=131010&cmd=qry&t=1&store_id=-
-错误页面地址:http://localhost:8080/YangziBUS2/module_13/sys.real_show.php-
------------------

------------------
-时间:03:36:34-
-错误信息:错误的SQL语句: [select distinct a.*,a.overflow_pressure1+a.overflow_pressure2+a.overflow_pressure3+a.overflow_pressure4+a.overflow_pressure5+a.overflow_pressure6  as pressureco ,a.overflow_temp1+a.overflow_temp2+a.overflow_temp3+a.overflow_temp4+a.overflow_temp5+a.overflow_temp6  as tempo,b.plate_no,b.speed_limit,b.mile_count,b.wheel_count from bt_real_log as a left join bus_info as b
                on a.bus_id=b.bus_id where b.plate_no!='' and b.plate_no is not null order by pressureco desc,tempo desc]-
-错误内容:Table 'ttms_yangzi.bt_real_log' doesn't exist-
-错误号:1146-
-错误脚本:/YangziBUS2/ajaction/v1/?menuid=131010&cmd=qry&t=1&store_id=-
-错误页面地址:http://localhost:8080/YangziBUS2/module_13/sys.real_show.php-
------------------

------------------
-时间:03:37:19-
-错误信息:错误的SQL语句: [select distinct a.*,a.overflow_pressure1+a.overflow_pressure2+a.overflow_pressure3+a.overflow_pressure4+a.overflow_pressure5+a.overflow_pressure6  as pressureco ,a.overflow_temp1+a.overflow_temp2+a.overflow_temp3+a.overflow_temp4+a.overflow_temp5+a.overflow_temp6  as tempo,b.plate_no,b.speed_limit,b.mile_count,b.wheel_count from bt_real_log as a left join bus_info as b
                on a.bus_id=b.bus_id where b.plate_no!='' and b.plate_no is not null order by pressureco desc,tempo desc]-
-错误内容:Table 'ttms_yangzi.bt_real_log' doesn't exist-
-错误号:1146-
-错误脚本:/YangziBUS2/ajaction/v1/?menuid=131010&cmd=qry&t=1&store_id=-
-错误页面地址:http://localhost:8080/YangziBUS2/module_13/sys.real_show.php-
------------------

------------------
-时间:03:38:04-
-错误信息:错误的SQL语句: [select distinct a.*,a.overflow_pressure1+a.overflow_pressure2+a.overflow_pressure3+a.overflow_pressure4+a.overflow_pressure5+a.overflow_pressure6  as pressureco ,a.overflow_temp1+a.overflow_temp2+a.overflow_temp3+a.overflow_temp4+a.overflow_temp5+a.overflow_temp6  as tempo,b.plate_no,b.speed_limit,b.mile_count,b.wheel_count from bt_real_log as a left join bus_info as b
                on a.bus_id=b.bus_id where b.plate_no!='' and b.plate_no is not null order by pressureco desc,tempo desc]-
-错误内容:Table 'ttms_yangzi.bt_real_log' doesn't exist-
-错误号:1146-
-错误脚本:/YangziBUS2/ajaction/v1/?menuid=131010&cmd=qry&t=1&store_id=-
-错误页面地址:http://localhost:8080/YangziBUS2/module_13/sys.real_show.php-
------------------

------------------
-时间:03:38:50-
-错误信息:错误的SQL语句: [select distinct a.*,a.overflow_pressure1+a.overflow_pressure2+a.overflow_pressure3+a.overflow_pressure4+a.overflow_pressure5+a.overflow_pressure6  as pressureco ,a.overflow_temp1+a.overflow_temp2+a.overflow_temp3+a.overflow_temp4+a.overflow_temp5+a.overflow_temp6  as tempo,b.plate_no,b.speed_limit,b.mile_count,b.wheel_count from bt_real_log as a left join bus_info as b
                on a.bus_id=b.bus_id where b.plate_no!='' and b.plate_no is not null order by pressureco desc,tempo desc]-
-错误内容:Table 'ttms_yangzi.bt_real_log' doesn't exist-
-错误号:1146-
-错误脚本:/YangziBUS2/ajaction/v1/?menuid=131010&cmd=qry&t=1&store_id=-
-错误页面地址:http://localhost:8080/YangziBUS2/module_13/sys.real_show.php-
------------------

------------------
-时间:03:39:35-
-错误信息:错误的SQL语句: [select distinct a.*,a.overflow_pressure1+a.overflow_pressure2+a.overflow_pressure3+a.overflow_pressure4+a.overflow_pressure5+a.overflow_pressure6  as pressureco ,a.overflow_temp1+a.overflow_temp2+a.overflow_temp3+a.overflow_temp4+a.overflow_temp5+a.overflow_temp6  as tempo,b.plate_no,b.speed_limit,b.mile_count,b.wheel_count from bt_real_log as a left join bus_info as b
                on a.bus_id=b.bus_id where b.plate_no!='' and b.plate_no is not null order by pressureco desc,tempo desc]-
-错误内容:Table 'ttms_yangzi.bt_real_log' doesn't exist-
-错误号:1146-
-错误脚本:/YangziBUS2/ajaction/v1/?menuid=131010&cmd=qry&t=1&store_id=-
-错误页面地址:http://localhost:8080/YangziBUS2/module_13/sys.real_show.php-
------------------

------------------
-时间:03:40:20-
-错误信息:错误的SQL语句: [select distinct a.*,a.overflow_pressure1+a.overflow_pressure2+a.overflow_pressure3+a.overflow_pressure4+a.overflow_pressure5+a.overflow_pressure6  as pressureco ,a.overflow_temp1+a.overflow_temp2+a.overflow_temp3+a.overflow_temp4+a.overflow_temp5+a.overflow_temp6  as tempo,b.plate_no,b.speed_limit,b.mile_count,b.wheel_count from bt_real_log as a left join bus_info as b
                on a.bus_id=b.bus_id where b.plate_no!='' and b.plate_no is not null order by pressureco desc,tempo desc]-
-错误内容:Table 'ttms_yangzi.bt_real_log' doesn't exist-
-错误号:1146-
-错误脚本:/YangziBUS2/ajaction/v1/?menuid=131010&cmd=qry&t=1&store_id=-
-错误页面地址:http://localhost:8080/YangziBUS2/module_13/sys.real_show.php-
------------------

------------------
-时间:03:41:05-
-错误信息:错误的SQL语句: [select distinct a.*,a.overflow_pressure1+a.overflow_pressure2+a.overflow_pressure3+a.overflow_pressure4+a.overflow_pressure5+a.overflow_pressure6  as pressureco ,a.overflow_temp1+a.overflow_temp2+a.overflow_temp3+a.overflow_temp4+a.overflow_temp5+a.overflow_temp6  as tempo,b.plate_no,b.speed_limit,b.mile_count,b.wheel_count from bt_real_log as a left join bus_info as b
                on a.bus_id=b.bus_id where b.plate_no!='' and b.plate_no is not null order by pressureco desc,tempo desc]-
-错误内容:Table 'ttms_yangzi.bt_real_log' doesn't exist-
-错误号:1146-
-错误脚本:/YangziBUS2/ajaction/v1/?menuid=131010&cmd=qry&t=1&store_id=-
-错误页面地址:http://localhost:8080/YangziBUS2/module_13/sys.real_show.php-
------------------

------------------
-时间:03:41:50-
-错误信息:错误的SQL语句: [select distinct a.*,a.overflow_pressure1+a.overflow_pressure2+a.overflow_pressure3+a.overflow_pressure4+a.overflow_pressure5+a.overflow_pressure6  as pressureco ,a.overflow_temp1+a.overflow_temp2+a.overflow_temp3+a.overflow_temp4+a.overflow_temp5+a.overflow_temp6  as tempo,b.plate_no,b.speed_limit,b.mile_count,b.wheel_count from bt_real_log as a left join bus_info as b
                on a.bus_id=b.bus_id where b.plate_no!='' and b.plate_no is not null order by pressureco desc,tempo desc]-
-错误内容:Table 'ttms_yangzi.bt_real_log' doesn't exist-
-错误号:1146-
-错误脚本:/YangziBUS2/ajaction/v1/?menuid=131010&cmd=qry&t=1&store_id=-
-错误页面地址:http://localhost:8080/YangziBUS2/module_13/sys.real_show.php-
------------------

------------------
-时间:03:42:35-
-错误信息:错误的SQL语句: [select distinct a.*,a.overflow_pressure1+a.overflow_pressure2+a.overflow_pressure3+a.overflow_pressure4+a.overflow_pressure5+a.overflow_pressure6  as pressureco ,a.overflow_temp1+a.overflow_temp2+a.overflow_temp3+a.overflow_temp4+a.overflow_temp5+a.overflow_temp6  as tempo,b.plate_no,b.speed_limit,b.mile_count,b.wheel_count from bt_real_log as a left join bus_info as b
                on a.bus_id=b.bus_id where b.plate_no!='' and b.plate_no is not null order by pressureco desc,tempo desc]-
-错误内容:Table 'ttms_yangzi.bt_real_log' doesn't exist-
-错误号:1146-
-错误脚本:/YangziBUS2/ajaction/v1/?menuid=131010&cmd=qry&t=1&store_id=-
-错误页面地址:http://localhost:8080/YangziBUS2/module_13/sys.real_show.php-
------------------

------------------
-时间:03:43:20-
-错误信息:错误的SQL语句: [select distinct a.*,a.overflow_pressure1+a.overflow_pressure2+a.overflow_pressure3+a.overflow_pressure4+a.overflow_pressure5+a.overflow_pressure6  as pressureco ,a.overflow_temp1+a.overflow_temp2+a.overflow_temp3+a.overflow_temp4+a.overflow_temp5+a.overflow_temp6  as tempo,b.plate_no,b.speed_limit,b.mile_count,b.wheel_count from bt_real_log as a left join bus_info as b
                on a.bus_id=b.bus_id where b.plate_no!='' and b.plate_no is not null order by pressureco desc,tempo desc]-
-错误内容:Table 'ttms_yangzi.bt_real_log' doesn't exist-
-错误号:1146-
-错误脚本:/YangziBUS2/ajaction/v1/?menuid=131010&cmd=qry&t=1&store_id=-
-错误页面地址:http://localhost:8080/YangziBUS2/module_13/sys.real_show.php-
------------------

------------------
-时间:03:44:05-
-错误信息:错误的SQL语句: [select distinct a.*,a.overflow_pressure1+a.overflow_pressure2+a.overflow_pressure3+a.overflow_pressure4+a.overflow_pressure5+a.overflow_pressure6  as pressureco ,a.overflow_temp1+a.overflow_temp2+a.overflow_temp3+a.overflow_temp4+a.overflow_temp5+a.overflow_temp6  as tempo,b.plate_no,b.speed_limit,b.mile_count,b.wheel_count from bt_real_log as a left join bus_info as b
                on a.bus_id=b.bus_id where b.plate_no!='' and b.plate_no is not null order by pressureco desc,tempo desc]-
-错误内容:Table 'ttms_yangzi.bt_real_log' doesn't exist-
-错误号:1146-
-错误脚本:/YangziBUS2/ajaction/v1/?menuid=131010&cmd=qry&t=1&store_id=-
-错误页面地址:http://localhost:8080/YangziBUS2/module_13/sys.real_show.php-
------------------

------------------
-时间:03:44:50-
-错误信息:错误的SQL语句: [select distinct a.*,a.overflow_pressure1+a.overflow_pressure2+a.overflow_pressure3+a.overflow_pressure4+a.overflow_pressure5+a.overflow_pressure6  as pressureco ,a.overflow_temp1+a.overflow_temp2+a.overflow_temp3+a.overflow_temp4+a.overflow_temp5+a.overflow_temp6  as tempo,b.plate_no,b.speed_limit,b.mile_count,b.wheel_count from bt_real_log as a left join bus_info as b
                on a.bus_id=b.bus_id where b.plate_no!='' and b.plate_no is not null order by pressureco desc,tempo desc]-
-错误内容:Table 'ttms_yangzi.bt_real_log' doesn't exist-
-错误号:1146-
-错误脚本:/YangziBUS2/ajaction/v1/?menuid=131010&cmd=qry&t=1&store_id=-
-错误页面地址:http://localhost:8080/YangziBUS2/module_13/sys.real_show.php-
------------------

------------------
-时间:03:45:35-
-错误信息:错误的SQL语句: [select distinct a.*,a.overflow_pressure1+a.overflow_pressure2+a.overflow_pressure3+a.overflow_pressure4+a.overflow_pressure5+a.overflow_pressure6  as pressureco ,a.overflow_temp1+a.overflow_temp2+a.overflow_temp3+a.overflow_temp4+a.overflow_temp5+a.overflow_temp6  as tempo,b.plate_no,b.speed_limit,b.mile_count,b.wheel_count from bt_real_log as a left join bus_info as b
                on a.bus_id=b.bus_id where b.plate_no!='' and b.plate_no is not null order by pressureco desc,tempo desc]-
-错误内容:Table 'ttms_yangzi.bt_real_log' doesn't exist-
-错误号:1146-
-错误脚本:/YangziBUS2/ajaction/v1/?menuid=131010&cmd=qry&t=1&store_id=-
-错误页面地址:http://localhost:8080/YangziBUS2/module_13/sys.real_show.php-
------------------

------------------
-时间:03:46:25-
-错误信息:错误的SQL语句: [select distinct a.*,a.overflow_pressure1+a.overflow_pressure2+a.overflow_pressure3+a.overflow_pressure4+a.overflow_pressure5+a.overflow_pressure6  as pressureco ,a.overflow_temp1+a.overflow_temp2+a.overflow_temp3+a.overflow_temp4+a.overflow_temp5+a.overflow_temp6  as tempo,b.plate_no,b.speed_limit,b.mile_count,b.wheel_count from bt_real_log as a left join bus_info as b
                on a.bus_id=b.bus_id where b.plate_no!='' and b.plate_no is not null order by pressureco desc,tempo desc]-
-错误内容:Table 'ttms_yangzi.bt_real_log' doesn't exist-
-错误号:1146-
-错误脚本:/YangziBUS2/ajaction/v1/?menuid=131010&cmd=qry&t=1&store_id=-
-错误页面地址:http://localhost:8080/YangziBUS2/module_13/sys.real_show.php-
------------------

------------------
-时间:03:46:35-
-错误信息:错误的SQL语句: [select a.*,b.norms_name,c.class_name,d.figure_name,e.brand_name from tire_param_info as a 
                left join brand as b on a.norms_id=b.brand_id 
                left join brand as c on a.class_id=c.brand_id
                left join brand as d on a.figure_id=d.brand_id
                left join brand as e on a.brand_id=e.brand_id]-
-错误内容:Unknown column 'b.norms_name' in 'field list'-
-错误号:1054-
-错误脚本:/YangziBUS2/ajaction/v1/?menuid=0&cmd=get_all_tireparam-
-错误页面地址:http://localhost:8080/YangziBUS2/module_12/vehicle.php-
------------------

------------------
-时间:03:48:47-
-错误信息:错误的SQL语句: [select a.*,b.norms_name,c.class_name,d.figure_name,e.brand_name from tire_param_info as a 
                left join brand as b on a.norms_id=b.brand_id 
                left join brand as c on a.class_id=c.brand_id
                left join brand as d on a.figure_id=d.brand_id
                left join brand as e on a.brand_id=e.brand_id]-
-错误内容:Unknown column 'b.norms_name' in 'field list'-
-错误号:1054-
-错误脚本:/YangziBUS2/ajaction/v1/?menuid=0&cmd=get_all_tireparam-
-错误页面地址:http://localhost:8080/YangziBUS2/module_12/vehicle.php-
------------------

------------------
-时间:03:49:09-
-错误信息:错误的SQL语句: [select a.*,b.norms_name,c.class_name,d.figure_name,e.brand_name from tire_param_info as a 
                left join brand as b on a.norms_id=b.brand_id 
                left join brand as c on a.class_id=c.brand_id
                left join brand as d on a.figure_id=d.brand_id
                left join brand as e on a.brand_id=e.brand_id]-
-错误内容:Unknown column 'b.norms_name' in 'field list'-
-错误号:1054-
-错误脚本:/YangziBUS2/ajaction/v1/?menuid=0&cmd=get_all_tireparam-
-错误页面地址:http://localhost:8080/YangziBUS2/module_12/vehicle.php-
------------------

------------------
-时间:03:49:14-
-错误信息:错误的SQL语句: [select distinct a.*,a.overflow_pressure1+a.overflow_pressure2+a.overflow_pressure3+a.overflow_pressure4+a.overflow_pressure5+a.overflow_pressure6  as pressureco ,a.overflow_temp1+a.overflow_temp2+a.overflow_temp3+a.overflow_temp4+a.overflow_temp5+a.overflow_temp6  as tempo,b.plate_no,b.speed_limit,b.mile_count,b.wheel_count from bt_real_log as a left join bus_info as b
                on a.bus_id=b.bus_id where b.plate_no!='' and b.plate_no is not null order by pressureco desc,tempo desc]-
-错误内容:Table 'ttms_yangzi.bt_real_log' doesn't exist-
-错误号:1146-
-错误脚本:/YangziBUS2/ajaction/v1/?menuid=131010&cmd=qry&t=1&store_id=-
-错误页面地址:http://localhost:8080/YangziBUS2/module_13/sys.real_show.php-
------------------

------------------
-时间:03:49:59-
-错误信息:错误的SQL语句: [select distinct a.*,a.overflow_pressure1+a.overflow_pressure2+a.overflow_pressure3+a.overflow_pressure4+a.overflow_pressure5+a.overflow_pressure6  as pressureco ,a.overflow_temp1+a.overflow_temp2+a.overflow_temp3+a.overflow_temp4+a.overflow_temp5+a.overflow_temp6  as tempo,b.plate_no,b.speed_limit,b.mile_count,b.wheel_count from bt_real_log as a left join bus_info as b
                on a.bus_id=b.bus_id where b.plate_no!='' and b.plate_no is not null order by pressureco desc,tempo desc]-
-错误内容:Table 'ttms_yangzi.bt_real_log' doesn't exist-
-错误号:1146-
-错误脚本:/YangziBUS2/ajaction/v1/?menuid=131010&cmd=qry&t=1&store_id=-
-错误页面地址:http://localhost:8080/YangziBUS2/module_13/sys.real_show.php-
------------------

------------------
-时间:03:50:44-
-错误信息:错误的SQL语句: [select distinct a.*,a.overflow_pressure1+a.overflow_pressure2+a.overflow_pressure3+a.overflow_pressure4+a.overflow_pressure5+a.overflow_pressure6  as pressureco ,a.overflow_temp1+a.overflow_temp2+a.overflow_temp3+a.overflow_temp4+a.overflow_temp5+a.overflow_temp6  as tempo,b.plate_no,b.speed_limit,b.mile_count,b.wheel_count from bt_real_log as a left join bus_info as b
                on a.bus_id=b.bus_id where b.plate_no!='' and b.plate_no is not null order by pressureco desc,tempo desc]-
-错误内容:Table 'ttms_yangzi.bt_real_log' doesn't exist-
-错误号:1146-
-错误脚本:/YangziBUS2/ajaction/v1/?menuid=131010&cmd=qry&t=1&store_id=-
-错误页面地址:http://localhost:8080/YangziBUS2/module_13/sys.real_show.php-
------------------

------------------
-时间:03:51:29-
-错误信息:错误的SQL语句: [select distinct a.*,a.overflow_pressure1+a.overflow_pressure2+a.overflow_pressure3+a.overflow_pressure4+a.overflow_pressure5+a.overflow_pressure6  as pressureco ,a.overflow_temp1+a.overflow_temp2+a.overflow_temp3+a.overflow_temp4+a.overflow_temp5+a.overflow_temp6  as tempo,b.plate_no,b.speed_limit,b.mile_count,b.wheel_count from bt_real_log as a left join bus_info as b
                on a.bus_id=b.bus_id where b.plate_no!='' and b.plate_no is not null order by pressureco desc,tempo desc]-
-错误内容:Table 'ttms_yangzi.bt_real_log' doesn't exist-
-错误号:1146-
-错误脚本:/YangziBUS2/ajaction/v1/?menuid=131010&cmd=qry&t=1&store_id=-
-错误页面地址:http://localhost:8080/YangziBUS2/module_13/sys.real_show.php-
------------------

------------------
-时间:03:52:15-
-错误信息:错误的SQL语句: [select distinct a.*,a.overflow_pressure1+a.overflow_pressure2+a.overflow_pressure3+a.overflow_pressure4+a.overflow_pressure5+a.overflow_pressure6  as pressureco ,a.overflow_temp1+a.overflow_temp2+a.overflow_temp3+a.overflow_temp4+a.overflow_temp5+a.overflow_temp6  as tempo,b.plate_no,b.speed_limit,b.mile_count,b.wheel_count from bt_real_log as a left join bus_info as b
                on a.bus_id=b.bus_id where b.plate_no!='' and b.plate_no is not null order by pressureco desc,tempo desc]-
-错误内容:Table 'ttms_yangzi.bt_real_log' doesn't exist-
-错误号:1146-
-错误脚本:/YangziBUS2/ajaction/v1/?menuid=131010&cmd=qry&t=1&store_id=-
-错误页面地址:http://localhost:8080/YangziBUS2/module_13/sys.real_show.php-
------------------

------------------
-时间:03:53:00-
-错误信息:错误的SQL语句: [select distinct a.*,a.overflow_pressure1+a.overflow_pressure2+a.overflow_pressure3+a.overflow_pressure4+a.overflow_pressure5+a.overflow_pressure6  as pressureco ,a.overflow_temp1+a.overflow_temp2+a.overflow_temp3+a.overflow_temp4+a.overflow_temp5+a.overflow_temp6  as tempo,b.plate_no,b.speed_limit,b.mile_count,b.wheel_count from bt_real_log as a left join bus_info as b
                on a.bus_id=b.bus_id where b.plate_no!='' and b.plate_no is not null order by pressureco desc,tempo desc]-
-错误内容:Table 'ttms_yangzi.bt_real_log' doesn't exist-
-错误号:1146-
-错误脚本:/YangziBUS2/ajaction/v1/?menuid=131010&cmd=qry&t=1&store_id=-
-错误页面地址:http://localhost:8080/YangziBUS2/module_13/sys.real_show.php-
------------------

------------------
-时间:03:53:45-
-错误信息:错误的SQL语句: [select distinct a.*,a.overflow_pressure1+a.overflow_pressure2+a.overflow_pressure3+a.overflow_pressure4+a.overflow_pressure5+a.overflow_pressure6  as pressureco ,a.overflow_temp1+a.overflow_temp2+a.overflow_temp3+a.overflow_temp4+a.overflow_temp5+a.overflow_temp6  as tempo,b.plate_no,b.speed_limit,b.mile_count,b.wheel_count from bt_real_log as a left join bus_info as b
                on a.bus_id=b.bus_id where b.plate_no!='' and b.plate_no is not null order by pressureco desc,tempo desc]-
-错误内容:Table 'ttms_yangzi.bt_real_log' doesn't exist-
-错误号:1146-
-错误脚本:/YangziBUS2/ajaction/v1/?menuid=131010&cmd=qry&t=1&store_id=-
-错误页面地址:http://localhost:8080/YangziBUS2/module_13/sys.real_show.php-
------------------

------------------
-时间:03:54:30-
-错误信息:错误的SQL语句: [select distinct a.*,a.overflow_pressure1+a.overflow_pressure2+a.overflow_pressure3+a.overflow_pressure4+a.overflow_pressure5+a.overflow_pressure6  as pressureco ,a.overflow_temp1+a.overflow_temp2+a.overflow_temp3+a.overflow_temp4+a.overflow_temp5+a.overflow_temp6  as tempo,b.plate_no,b.speed_limit,b.mile_count,b.wheel_count from bt_real_log as a left join bus_info as b
                on a.bus_id=b.bus_id where b.plate_no!='' and b.plate_no is not null order by pressureco desc,tempo desc]-
-错误内容:Table 'ttms_yangzi.bt_real_log' doesn't exist-
-错误号:1146-
-错误脚本:/YangziBUS2/ajaction/v1/?menuid=131010&cmd=qry&t=1&store_id=-
-错误页面地址:http://localhost:8080/YangziBUS2/module_13/sys.real_show.php-
------------------

------------------
-时间:03:55:36-
-错误信息:错误的SQL语句: [select * from bt_real_log]-
-错误内容:Table 'ttms_yangzi.bt_real_log' doesn't exist-
-错误号:1146-
-错误脚本:/YangziBUS2/ajaction/v1/?menuid=0&cmd=get_index_data-
-错误页面地址:http://localhost:8080/YangziBUS2/main.php-
------------------

------------------
-时间:03:55:36-
-错误信息:错误的SQL语句: [select * from bus_alarm_log]-
-错误内容:-
-错误号:-
-错误脚本:/YangziBUS2/ajaction/v1/?menuid=0&cmd=get_index_data-
-错误页面地址:http://localhost:8080/YangziBUS2/main.php-
------------------

------------------
-时间:03:55:36-
-错误信息:错误的SQL语句: [select * from bus_alarm_log where pressure>pressure_ul]-
-错误内容:-
-错误号:-
-错误脚本:/YangziBUS2/ajaction/v1/?menuid=0&cmd=get_index_data-
-错误页面地址:http://localhost:8080/YangziBUS2/main.php-
------------------

------------------
-时间:03:55:36-
-错误信息:错误的SQL语句: [select * from bus_alarm_log where pressure<pressure_ll]-
-错误内容:-
-错误号:-
-错误脚本:/YangziBUS2/ajaction/v1/?menuid=0&cmd=get_index_data-
-错误页面地址:http://localhost:8080/YangziBUS2/main.php-
------------------

------------------
-时间:03:55:36-
-错误信息:错误的SQL语句: [select * from bus_alarm_log where temp>temp_ul]-
-错误内容:-
-错误号:-
-错误脚本:/YangziBUS2/ajaction/v1/?menuid=0&cmd=get_index_data-
-错误页面地址:http://localhost:8080/YangziBUS2/main.php-
------------------

------------------
-时间:05:53:08-
-错误信息:错误的SQL语句: [select * from roles where role_id=司机]-
-错误内容:Unknown column '司机' in 'where clause'-
-错误号:1054-
-错误脚本:/YangziBus2/ajaction/v1/?menuid=101010&cmd=qrybyone&role_id=%E5%8F%B8%E6%9C%BA-
-错误页面地址:http://localhost/YangziBus2/module_sys/sys.roles_show.php-
------------------

------------------
-时间:07:46:12-
-错误信息:错误的SQL语句: [insert into sys_log (log_type,log_stamp,admin_id,title,content) values ('轮胎参数管理',now(),,'修改','修改了轮胎参数信息4')]-
-错误内容:You have an error in your SQL syntax; check the manual that corresponds to your MySQL server version for the right syntax to use near ''修改','修改了轮胎参数信息4')' at line 1-
-错误号:1064-
-错误脚本:/YangziBus2/ajaction/v1/?menuid=111010&cmd=edit-
-错误页面地址:http://localhost/YangziBus2/module_11/sys.tireparam_show.php-
------------------

------------------
-时间:07:50:17-
-错误信息:错误的SQL语句: [insert into sys_log (log_type,log_stamp,admin_id,title,content) values ('轮胎参数管理',now(),,'修改','修改了轮胎参数信息4')]-
-错误内容:You have an error in your SQL syntax; check the manual that corresponds to your MySQL server version for the right syntax to use near ''修改','修改了轮胎参数信息4')' at line 1-
-错误号:1064-
-错误脚本:/YangziBus2/ajaction/v1/?menuid=111010&cmd=edit-
-错误页面地址:http://localhost/YangziBus2/module_11/sys.tireparam_show.php-
------------------

------------------
-时间:07:56:20-
-错误信息:错误的SQL语句: [insert into sys_log (log_type,log_stamp,admin_id,title,content) values ('轮胎参数管理',now(),,'修改','修改了轮胎参数信息4')]-
-错误内容:You have an error in your SQL syntax; check the manual that corresponds to your MySQL server version for the right syntax to use near ''修改','修改了轮胎参数信息4')' at line 1-
-错误号:1064-
-错误脚本:/YangziBus2/ajaction/v1/?menuid=111010&cmd=edit-
-错误页面地址:http://localhost/YangziBus2/module_11/sys.tireparam_show.php-
------------------

------------------
-时间:07:56:48-
-错误信息:错误的SQL语句: [insert into sys_log (log_type,log_stamp,admin_id,title,content) values ('轮胎参数管理',now(),,'修改','修改了轮胎参数信息4')]-
-错误内容:You have an error in your SQL syntax; check the manual that corresponds to your MySQL server version for the right syntax to use near ''修改','修改了轮胎参数信息4')' at line 1-
-错误号:1064-
-错误脚本:/YangziBus2/ajaction/v1/?menuid=111010&cmd=edit-
-错误页面地址:http://localhost/YangziBus2/module_11/sys.tireparam_show.php-
------------------

------------------
-时间:08:00:49-
-错误信息:错误的SQL语句: [insert into sys_log (log_type,log_stamp,admin_id,title,content) values ('角色管理',now(),,'修改','修改了角色信息管理员')]-
-错误内容:You have an error in your SQL syntax; check the manual that corresponds to your MySQL server version for the right syntax to use near ''修改','修改了角色信息管理员')' at line 1-
-错误号:1064-
-错误脚本:/YangziBus2/ajaction/v1/?menuid=101010&cmd=edit-
-错误页面地址:http://localhost/YangziBus2/module_sys/sys.roles_show.php-
------------------

------------------
-时间:08:01:44-
-错误信息:错误的SQL语句: [insert into sys_log (log_type,log_stamp,admin_id,title,content) values ('角色管理',now(),,'修改','修改了角色信息超级管理员')]-
-错误内容:You have an error in your SQL syntax; check the manual that corresponds to your MySQL server version for the right syntax to use near ''修改','修改了角色信息超级管理员')' at line 1-
-错误号:1064-
-错误脚本:/YangziBus2/ajaction/v1/?menuid=101010&cmd=edit-
-错误页面地址:http://localhost/YangziBus2/module_sys/sys.roles_show.php-
------------------

------------------
-时间:08:24:38-
-错误信息:错误的SQL语句: [insert into sys_log (log_type,log_stamp,admin_id,title,content) values ('轮胎参数管理',now(),,'删除','删除了轮胎参数信息4')]-
-错误内容:You have an error in your SQL syntax; check the manual that corresponds to your MySQL server version for the right syntax to use near ''删除','删除了轮胎参数信息4')' at line 1-
-错误号:1064-
-错误脚本:/YangziBus2/ajaction/v1/?menuid=111010&cmd=del-
-错误页面地址:http://localhost/YangziBus2/module_11/sys.tireparam_show.php-
------------------

------------------
-时间:08:56:47-
-错误信息:错误的SQL语句: [insert into sys_log (log_type,log_stamp,admin_id,title,content) values ('轮胎参数管理',now(),,'修改','修改了轮胎参数信息2')]-
-错误内容:You have an error in your SQL syntax; check the manual that corresponds to your MySQL server version for the right syntax to use near ''修改','修改了轮胎参数信息2')' at line 1-
-错误号:1064-
-错误脚本:/YangziBus2/ajaction/v1/?menuid=111010&cmd=edit-
-错误页面地址:http://localhost/YangziBus2/module_11/sys.tireparam_show.php-
------------------
