
------------------
-时间:10:52:00-
-错误信息:错误的SQL语句: [insert into sys_log (log_type,log_stamp,admin_id,title,content) values ('车队(仓库)管理',now(),,'删除','删除了车队(仓库)信息淳化修理厂')]-
-错误内容:You have an error in your SQL syntax; check the manual that corresponds to your MySQL server version for the right syntax to use near ''删除','删除了车队(仓库)信息淳化修理厂')' at line 1-
-错误号:1064-
-错误脚本:/YangziBUS2/ajaction/v1/?menuid=101110&cmd=del-
-错误页面地址:http://localhost:8080/YangziBUS2/module_sys/repairDepotManger.php-
------------------

------------------
-时间:11:14:51-
-错误信息:错误的SQL语句: [insert into sys_log (log_type,log_stamp,admin_id,title,content) values ('车辆管理',now(),,'新增','添加了新车辆苏A6665')]-
-错误内容:You have an error in your SQL syntax; check the manual that corresponds to your MySQL server version for the right syntax to use near ''新增','添加了新车辆苏A6665')' at line 1-
-错误号:1064-
-错误脚本:/YangziBUS2/ajaction/v1/?menuid=121010&cmd=add-
-错误页面地址:http://localhost:8080/YangziBUS2/module_12/vehicle.php-
------------------

------------------
-时间:11:15:35-
-错误信息:错误的SQL语句: [insert into sys_log (log_type,log_stamp,admin_id,title,content) values ('轮胎替换管理',now(),,'安装','苏A6665在1号位安装了轮胎')]-
-错误内容:You have an error in your SQL syntax; check the manual that corresponds to your MySQL server version for the right syntax to use near ''安装','苏A6665在1号位安装了轮胎')' at line 1-
-错误号:1064-
-错误脚本:/YangziBUS2/ajaction/v1/?menuid=121011&cmd=addtire&plate_no=%E8%8B%8FA6665&tire_id_val=1&place_no_val=1-
-错误页面地址:http://localhost:8080/YangziBUS2/module_12/vehicle.php-
------------------

------------------
-时间:11:15:35-
-错误信息:错误的SQL语句: [insert into tire_exchg_log (tire_id,bus_id,v_term_id,place,
                    install_stamp,uninstall_stamp,mile_count,stamp_count,action,log_stamp) value
                    ('1','3','2','1',
                    NOW(),'0000-00-00 00:00:00','0',0,'装上',NOW())]-
-错误内容:-
-错误号:-
-错误脚本:/YangziBUS2/ajaction/v1/?menuid=121011&cmd=addtire&plate_no=%E8%8B%8FA6665&tire_id_val=1&place_no_val=1-
-错误页面地址:http://localhost:8080/YangziBUS2/module_12/vehicle.php-
------------------

------------------
-时间:11:15:35-
-错误信息:错误的SQL语句: [update tire_info set exchg_id='' where tire_id='1']-
-错误内容:-
-错误号:-
-错误脚本:/YangziBUS2/ajaction/v1/?menuid=121011&cmd=addtire&plate_no=%E8%8B%8FA6665&tire_id_val=1&place_no_val=1-
-错误页面地址:http://localhost:8080/YangziBUS2/module_12/vehicle.php-
------------------

------------------
-时间:11:17:53-
-错误信息:错误的SQL语句: [insert into sys_log (log_type,log_stamp,admin_id,title,content) values ('轮胎替换管理',now(),,'卸载','苏A6665在00000000001号位卸载了轮胎')]-
-错误内容:You have an error in your SQL syntax; check the manual that corresponds to your MySQL server version for the right syntax to use near ''卸载','苏A6665在00000000001号位卸载了轮胎')' at line 1-
-错误号:1064-
-错误脚本:/YangziBUS2/ajaction/v1/?menuid=121011&cmd=removeTire-
-错误页面地址:http://localhost:8080/YangziBUS2/module_12/vehicle.php-
------------------

------------------
-时间:11:17:53-
-错误信息:错误的SQL语句: [select id,install_stamp from tire_exchg_log where tire_id='1' 
                    and bus_id='3' 
                    and place='00000000001'
                    and uninstall_stamp='0000-00-00 00:00:00'
                    and action='装上' order by log_stamp desc limit 1]-
-错误内容:-
-错误号:-
-错误脚本:/YangziBUS2/ajaction/v1/?menuid=121011&cmd=removeTire-
-错误页面地址:http://localhost:8080/YangziBUS2/module_12/vehicle.php-
------------------

------------------
-时间:11:17:53-
-错误信息:错误的SQL语句: [insert into tire_exchg_log (tire_id,bus_id,v_term_id,place,
                        install_stamp,uninstall_stamp,mile_count,stamp_count,action,log_stamp) value
                        ('1','3','2','00000000001',
                        NOW(),NOW(),'0',0,'装上',NOW())]-
-错误内容:-
-错误号:-
-错误脚本:/YangziBUS2/ajaction/v1/?menuid=121011&cmd=removeTire-
-错误页面地址:http://localhost:8080/YangziBUS2/module_12/vehicle.php-
------------------
