
------------------
-时间:08:49:56-
-错误信息:错误的SQL语句: [update roles set remark='jjjj', title='', role_name='', modules_list='基本数据管理;车队(仓库)管理;手持终端管理;轮胎品牌管理;轮胎规格管理;轮胎层级管理;轮胎花纹管理;车载终端管理;轮胎管理;轮胎相关管理;轮胎参数管理;传感器管理;轮胎维护;轮胎管理;轮胎配送;车辆管理;车辆管理;车辆维护;监测系统;实时状态;车辆轮胎状态;历史状态;车辆轮胎历史状态;告警历史状态;轮胎使用查询;轮胎使用总时间查询;轮胎运行总时长总里程查询;库存状态查询;轮胎库存查询;统计分析;轮胎历史曲线;轮胎历史告警;车辆车速分析', modules_list_val='1011;101110;101111;101112;101113;101114;101115;101116;11;1110;111010;111011;1111;111110;111111;12;1210;121010;13;1310;131010;1311;131110;131210;1313;131310;131311;1315;131510;1316;131610;131612;131614', operlist='' where role_id=3]-
-错误内容:Duplicate entry '' for key 'role_name'-
-错误号:1062-
-错误脚本:/YangziBus2/ajaction/v1/?menuid=101010&cmd=edit-
-错误页面地址:http://localhost/YangziBus2/module_sys/sys.roles_show.php-
------------------

------------------
-时间:08:50:23-
-错误信息:错误的SQL语句: [update roles set remark='lll', title='', role_name='', modules_list='基本数据管理;车队(仓库)管理;手持终端管理;轮胎品牌管理;轮胎规格管理;轮胎层级管理;轮胎花纹管理;车载终端管理;轮胎管理;轮胎相关管理;轮胎参数管理;传感器管理;轮胎维护;轮胎管理;轮胎配送;车辆管理;车辆管理;车辆维护;监测系统;实时状态;车辆轮胎状态;历史状态;车辆轮胎历史状态;告警历史状态;轮胎使用查询;轮胎使用总时间查询;轮胎运行总时长总里程查询;库存状态查询;轮胎库存查询;统计分析;轮胎历史曲线;轮胎历史告警;车辆车速分析', modules_list_val='1011;101110;101111;101112;101113;101114;101115;101116;11;1110;111010;111011;1111;111110;111111;12;1210;121010;13;1310;131010;1311;131110;131210;1313;131310;131311;1315;131510;1316;131610;131612;131614', operlist='' where role_id=3]-
-错误内容:Duplicate entry '' for key 'role_name'-
-错误号:1062-
-错误脚本:/YangziBus2/ajaction/v1/?menuid=101010&cmd=edit-
-错误页面地址:http://localhost/YangziBus2/module_sys/sys.roles_show.php-
------------------

------------------
-时间:08:57:15-
-错误信息:错误的SQL语句: [update roles set remark='而司机', title='', role_name='', modules_list='基本数据管理;车队(仓库)管理;手持终端管理;轮胎品牌管理;轮胎规格管理;轮胎层级管理;轮胎花纹管理;车载终端管理;轮胎管理;轮胎相关管理;轮胎参数管理;传感器管理;轮胎维护;轮胎管理;轮胎配送;车辆管理;车辆管理;车辆维护;监测系统;实时状态;车辆轮胎状态;历史状态;车辆轮胎历史状态;告警历史状态;轮胎使用查询;轮胎使用总时间查询;轮胎运行总时长总里程查询;库存状态查询;轮胎库存查询;统计分析;轮胎历史曲线;轮胎历史告警;车辆车速分析', modules_list_val='1011;101110;101111;101112;101113;101114;101115;101116;11;1110;111010;111011;1111;111110;111111;12;1210;121010;13;1310;131010;1311;131110;131210;1313;131310;131311;1315;131510;1316;131610;131612;131614', operlist='' where role_id=3]-
-错误内容:Duplicate entry '' for key 'role_name'-
-错误号:1062-
-错误脚本:/YangziBus2/ajaction/v1/?menuid=101010&cmd=edit-
-错误页面地址:http://localhost/YangziBus2/module_sys/sys.roles_show.php-
------------------

------------------
-时间:08:58:15-
-错误信息:错误的SQL语句: [update roles set remark='2222', title='', role_name='', modules_list='基本数据管理;车队(仓库)管理;手持终端管理;轮胎品牌管理;轮胎规格管理;轮胎层级管理;轮胎花纹管理;车载终端管理;轮胎管理;轮胎相关管理;轮胎参数管理;传感器管理;轮胎维护;轮胎管理;轮胎配送;车辆管理;车辆管理;车辆维护;监测系统;实时状态;车辆轮胎状态;历史状态;车辆轮胎历史状态;告警历史状态;轮胎使用查询;轮胎使用总时间查询;轮胎运行总时长总里程查询;库存状态查询;轮胎库存查询;统计分析;轮胎历史曲线;轮胎历史告警;车辆车速分析', modules_list_val='1011;101110;101111;101112;101113;101114;101115;101116;11;1110;111010;111011;1111;111110;111111;12;1210;121010;13;1310;131010;1311;131110;131210;1313;131310;131311;1315;131510;1316;131610;131612;131614', operlist='' where role_id=3]-
-错误内容:Duplicate entry '' for key 'role_name'-
-错误号:1062-
-错误脚本:/YangziBus2/ajaction/v1/?menuid=101010&cmd=edit-
-错误页面地址:http://localhost/YangziBus2/module_sys/sys.roles_show.php-
------------------

------------------
-时间:09:00:00-
-错误信息:错误的SQL语句: [update roles set remark='江河湖海', title='', role_name='', modules_list='基本数据管理;车队(仓库)管理;手持终端管理;轮胎品牌管理;轮胎规格管理;轮胎层级管理;轮胎花纹管理;车载终端管理;轮胎管理;轮胎相关管理;轮胎参数管理;传感器管理;轮胎维护;轮胎管理;轮胎配送;车辆管理;车辆管理;车辆维护;监测系统;实时状态;车辆轮胎状态;历史状态;车辆轮胎历史状态;告警历史状态;轮胎使用查询;轮胎使用总时间查询;轮胎运行总时长总里程查询;库存状态查询;轮胎库存查询;统计分析;轮胎历史曲线;轮胎历史告警;车辆车速分析', modules_list_val='1011;101110;101111;101112;101113;101114;101115;101116;11;1110;111010;111011;1111;111110;111111;12;1210;121010;13;1310;131010;1311;131110;131210;1313;131310;131311;1315;131510;1316;131610;131612;131614', operlist='' where role_id=3]-
-错误内容:Duplicate entry '' for key 'role_name'-
-错误号:1062-
-错误脚本:/YangziBus2/ajaction/v1/?menuid=101010&cmd=edit-
-错误页面地址:http://localhost/YangziBus2/module_sys/sys.roles_show.php-
------------------

------------------
-时间:09:00:22-
-错误信息:错误的SQL语句: [update roles set remark='江河湖海', title='', role_name='', modules_list='用户权限管理,角色管理,用户管理,基本数据管理;车队(仓库)管理;手持终端管理;轮胎品牌管理;轮胎规格管理;轮胎层级管理;轮胎花纹管理;车载终端管理;轮胎管理;轮胎相关管理;轮胎参数管理;传感器管理;轮胎维护;轮胎管理;轮胎配送;车辆管理;车辆管理;车辆维护;监测系统;实时状态;车辆轮胎状态;历史状态;车辆轮胎历史状态;告警历史状态;轮胎使用查询;轮胎使用总时间查询;轮胎运行总时长总里程查询;库存状态查询;轮胎库存查询;统计分析;轮胎历史曲线;轮胎历史告警;车辆车速分析', modules_list_val='1011;101110;101111;101112;101113;101114;101115;101116;11;1110;111010;111011;1111;111110;111111;12;1210;121010;13;1310;131010;1311;131110;131210;1313;131310;131311;1315;131510;1316;131610;131612;131614', operlist='' where role_id=3]-
-错误内容:Duplicate entry '' for key 'role_name'-
-错误号:1062-
-错误脚本:/YangziBus2/ajaction/v1/?menuid=101010&cmd=edit-
-错误页面地址:http://localhost/YangziBus2/module_sys/sys.roles_show.php-
------------------

------------------
-时间:01:35:45-
-错误信息:错误的SQL语句: [update roles set remark='主任', title='', role_name='', modules_list='用户权限管理,角色管理,用户管理', modules_list_val='1010', operlist='' where role_id=6]-
-错误内容:Duplicate entry '' for key 'role_name'-
-错误号:1062-
-错误脚本:/YangziBus2/ajaction/v1/?menuid=101010&cmd=edit-
-错误页面地址:http://localhost/YangziBus2/module_sys/sys.roles_show.php-
------------------

------------------
-时间:01:36:15-
-错误信息:错误的SQL语句: [update roles set remark='主任', title='', role_name='', modules_list='用户权限管理,角色管理,用户管理', modules_list_val='1010', operlist='' where role_id=6]-
-错误内容:Duplicate entry '' for key 'role_name'-
-错误号:1062-
-错误脚本:/YangziBus2/ajaction/v1/?menuid=101010&cmd=edit-
-错误页面地址:http://localhost/YangziBus2/module_sys/sys.roles_show.php-
------------------

------------------
-时间:01:36:30-
-错误信息:错误的SQL语句: [update roles set remark='主任', title='', role_name='', modules_list='车队(仓库)管理,用户权限管理,角色管理,用户管理', modules_list_val='1010', operlist='' where role_id=6]-
-错误内容:Duplicate entry '' for key 'role_name'-
-错误号:1062-
-错误脚本:/YangziBus2/ajaction/v1/?menuid=101010&cmd=edit-
-错误页面地址:http://localhost/YangziBus2/module_sys/sys.roles_show.php-
------------------

------------------
-时间:06:24:24-
-错误信息:错误的SQL语句: [update roles set remark='主任', title='', role_name='', modules_list='用户权限管理,角色管理,用户管理', modules_list_val='1010', operlist='' where role_id=8]-
-错误内容:Duplicate entry '' for key 'role_name'-
-错误号:1062-
-错误脚本:/YangziBus2/ajaction/v1/?menuid=101010&cmd=edit-
-错误页面地址:http://localhost/YangziBus2/module_sys/sys.roles_show.php-
------------------

------------------
-时间:06:24:34-
-错误信息:错误的SQL语句: [update roles set remark='主任', title='', role_name='', modules_list='用户权限管理,角色管理,用户管理', modules_list_val='1010', operlist='' where role_id=8]-
-错误内容:Duplicate entry '' for key 'role_name'-
-错误号:1062-
-错误脚本:/YangziBus2/ajaction/v1/?menuid=101010&cmd=edit-
-错误页面地址:http://localhost/YangziBus2/module_sys/sys.roles_show.php-
------------------

------------------
-时间:06:25:25-
-错误信息:错误的SQL语句: [update roles set remark='主管', title='', role_name='', modules_list='用户权限管理,角色管理,用户管理', modules_list_val='1010', operlist='' where role_id=8]-
-错误内容:Duplicate entry '' for key 'role_name'-
-错误号:1062-
-错误脚本:/YangziBus2/ajaction/v1/?menuid=101010&cmd=edit-
-错误页面地址:http://localhost/YangziBus2/module_sys/sys.roles_show.php-
------------------

------------------
-时间:06:58:31-
-错误信息:错误的SQL语句: [select * from admins where admin_id=]-
-错误内容:You have an error in your SQL syntax; check the manual that corresponds to your MySQL server version for the right syntax to use near '' at line 1-
-错误号:1064-
-错误脚本:/YangziBus2//ajaction/v1/?menuid=101011&cmd=qrybyone-
-错误页面地址:-
------------------

------------------
-时间:06:58:40-
-错误信息:错误的SQL语句: [select * from admins where admin_id=]-
-错误内容:You have an error in your SQL syntax; check the manual that corresponds to your MySQL server version for the right syntax to use near '' at line 1-
-错误号:1064-
-错误脚本:/YangziBus2/ajaction/v1/?menuid=101011&cmd=qrybyone-
-错误页面地址:-
------------------

------------------
-时间:06:58:44-
-错误信息:错误的SQL语句: [select * from admins where admin_id=]-
-错误内容:You have an error in your SQL syntax; check the manual that corresponds to your MySQL server version for the right syntax to use near '' at line 1-
-错误号:1064-
-错误脚本:/YangziBus2/ajaction/v1/?menuid=101011&cmd=qrybyone-
-错误页面地址:-
------------------

------------------
-时间:06:59:22-
-错误信息:错误的SQL语句: [select * from admins where admin_id=]-
-错误内容:You have an error in your SQL syntax; check the manual that corresponds to your MySQL server version for the right syntax to use near '' at line 1-
-错误号:1064-
-错误脚本:/YangziBus2/ajaction/v1/?menuid=101011&cmd=qrybyone-
-错误页面地址:-
------------------

------------------
-时间:07:22:46-
-错误信息:错误的SQL语句: [select * from admins where admin_id=]-
-错误内容:You have an error in your SQL syntax; check the manual that corresponds to your MySQL server version for the right syntax to use near '' at line 1-
-错误号:1064-
-错误脚本:/YangziBus2/ajaction/v1/?menuid=101011&cmd=qrybyone-
-错误页面地址:-
------------------
